Using pre-set license
Built from '2020.3/staging' branch; Version is '2020.3.23f1 (c5d91304a876) revision 12966163'; Using compiler version '192528614'; Build Type 'Release'
OS: 'Windows 10 Pro; OS build 19044.1415; Version 2009; 64bit' Language: 'tr' Physical Memory: 16268 MB
BatchMode: 1, IsHumanControllingUs: 0, StartBugReporterOnCrash: 0, Is64bit: 1, IsPro: 0

COMMAND LINE ARGUMENTS:
C:\Unity\Hub\Editor\2020.3.23f1\Editor\Unity.exe
-adb2
-batchMode
-noUpm
-name
AssetImportWorker0
-projectPath
C:/Unity/Projects/Run
-logFile
Logs/AssetImportWorker0.log
-srvPort
52456
Successfully changed project path to: C:/Unity/Projects/Run
C:/Unity/Projects/Run
Using Asset Import Pipeline V2.
Refreshing native plugins compatible for Editor in 49.91 ms, found 2 plugins.
Preloading 0 native plugins for Editor in 0.00 ms.
Initialize engine version: 2020.3.23f1 (c5d91304a876)
[Subsystems] Discovering subsystems at path C:/Unity/Hub/Editor/2020.3.23f1/Editor/Data/Resources/UnitySubsystems
[Subsystems] Discovering subsystems at path C:/Unity/Projects/Run/Assets
GfxDevice: creating device client; threaded=0
Direct3D:
    Version:  Direct3D 11.0 [level 11.1]
    Renderer: NVIDIA GeForce GTX 1050 (ID=0x1c8d)
    Vendor:   
    VRAM:     4021 MB
    Driver:   30.0.14.9649
Initialize mono
Mono path[0] = 'C:/Unity/Hub/Editor/2020.3.23f1/Editor/Data/Managed'
Mono path[1] = 'C:/Unity/Hub/Editor/2020.3.23f1/Editor/Data/MonoBleedingEdge/lib/mono/unityjit'
Mono config path = 'C:/Unity/Hub/Editor/2020.3.23f1/Editor/Data/MonoBleedingEdge/etc'
Using monoOptions --debugger-agent=transport=dt_socket,embedding=1,server=y,suspend=n,address=127.0.0.1:56364
Begin MonoManager ReloadAssembly
Registering precompiled unity dll's ...
Register platform support module: C:/Unity/Hub/Editor/2020.3.23f1/Editor/Data/PlaybackEngines/WebGLSupport/UnityEditor.WebGL.Extensions.dll
Register platform support module: C:/Unity/Hub/Editor/2020.3.23f1/Editor/Data/PlaybackEngines/WindowsStandaloneSupport/UnityEditor.WindowsStandalone.Extensions.dll
Registered in 0.002862 seconds.
Native extension for WindowsStandalone target not found
Native extension for WebGL target not found
Refreshing native plugins compatible for Editor in 43.58 ms, found 2 plugins.
Preloading 0 native plugins for Editor in 0.00 ms.
Mono: successfully reloaded assembly
- Completed reload, in  0.664 seconds
Domain Reload Profiling:
	ReloadAssembly (664ms)
		BeginReloadAssembly (65ms)
			ExecutionOrderSort (0ms)
			DisableScriptedObjects (0ms)
			BackupInstance (0ms)
			ReleaseScriptingObjects (0ms)
			CreateAndSetChildDomain (1ms)
		EndReloadAssembly (512ms)
			LoadAssemblies (63ms)
			RebuildTransferFunctionScriptingTraits (0ms)
			SetupTypeCache (175ms)
			ReleaseScriptCaches (0ms)
			RebuildScriptCaches (33ms)
			SetupLoadedEditorAssemblies (185ms)
				LogAssemblyErrors (0ms)
				InitializePlatformSupportModulesInManaged (5ms)
				SetLoadedEditorAssemblies (0ms)
				RefreshPlugins (44ms)
				BeforeProcessingInitializeOnLoad (16ms)
				ProcessInitializeOnLoadAttributes (90ms)
				ProcessInitializeOnLoadMethodAttributes (29ms)
				AfterProcessingInitializeOnLoad (0ms)
				EditorAssembliesLoaded (0ms)
			ExecutionOrderSort2 (0ms)
			AwakeInstancesAfterBackupRestoration (0ms)
Platform modules already initialized, skipping
Registering precompiled user dll's ...
Registered in 0.011201 seconds.
Begin MonoManager ReloadAssembly
Native extension for WindowsStandalone target not found
Native extension for WebGL target not found
Refreshing native plugins compatible for Editor in 43.68 ms, found 2 plugins.
Preloading 0 native plugins for Editor in 0.00 ms.
Mono: successfully reloaded assembly
- Completed reload, in  1.274 seconds
Domain Reload Profiling:
	ReloadAssembly (1275ms)
		BeginReloadAssembly (157ms)
			ExecutionOrderSort (0ms)
			DisableScriptedObjects (5ms)
			BackupInstance (0ms)
			ReleaseScriptingObjects (0ms)
			CreateAndSetChildDomain (21ms)
		EndReloadAssembly (1047ms)
			LoadAssemblies (108ms)
			RebuildTransferFunctionScriptingTraits (0ms)
			SetupTypeCache (328ms)
			ReleaseScriptCaches (0ms)
			RebuildScriptCaches (52ms)
			SetupLoadedEditorAssemblies (348ms)
				LogAssemblyErrors (0ms)
				InitializePlatformSupportModulesInManaged (4ms)
				SetLoadedEditorAssemblies (0ms)
				RefreshPlugins (44ms)
				BeforeProcessingInitializeOnLoad (82ms)
				ProcessInitializeOnLoadAttributes (201ms)
				ProcessInitializeOnLoadMethodAttributes (9ms)
				AfterProcessingInitializeOnLoad (8ms)
				EditorAssembliesLoaded (0ms)
			ExecutionOrderSort2 (0ms)
			AwakeInstancesAfterBackupRestoration (7ms)
Platform modules already initialized, skipping
========================================================================
Worker process is ready to serve import requests
Launched and connected shader compiler UnityShaderCompiler.exe after 0.05 seconds
Refreshing native plugins compatible for Editor in 0.56 ms, found 2 plugins.
Preloading 0 native plugins for Editor in 0.00 ms.
Unloading 1728 Unused Serialized files (Serialized files now loaded: 0)
System memory in use before: 89.1 MB.
System memory in use after: 89.2 MB.

Unloading 34 unused Assets to reduce memory usage. Loaded Objects now: 2177.
Total: 3.109400 ms (FindLiveObjects: 0.174300 ms CreateObjectMapping: 0.050700 ms MarkObjects: 2.828100 ms  DeleteObjects: 0.055500 ms)

AssetImportParameters requested are different than current active one (requested -> active):
  custom:framework-win-MediaFoundation: 216162199b28c13a410421893ffa2e32 -> 
  custom:video-decoder-ogg-theora: a1e56fd34408186e4bbccfd4996cb3dc -> 
  custom:container-muxer-webm: aa71ff27fc2769a1b78a27578f13a17b -> 
  custom:container-demuxer-webm: 4f35f7cbe854078d1ac9338744f61a02 -> 
  custom:container-demuxer-ogg: 62fdf1f143b41e24485cea50d1cbac27 -> 
  custom:video-encoder-webm-vp8: eb34c28f22e8b96e1ab97ce403110664 -> 
  custom:video-decoder-webm-vp8: 9c59270c3fd7afecdb556c50c9e8de78 -> 
  custom:audio-decoder-ogg-vorbis: bf7c407c2cedff20999df2af8eb42d56 -> 
  custom:audio-encoder-webm-vorbis: bf7c407c2cedff20999df2af8eb42d56 -> 
========================================================================
Received Import Request.
  path: Assets/Prefabs/GamePrefabs/Tiles/GameTile1.prefab
  artifactKey: Guid(ab636fe7248fa064d93ac4f4b764120b) Importer(815301076,1909f56bfc062723c751e8b465ee728b)
Start importing Assets/Prefabs/GamePrefabs/Tiles/GameTile1.prefab using Guid(ab636fe7248fa064d93ac4f4b764120b) Importer(815301076,1909f56bfc062723c751e8b465ee728b)  -> (artifact id: '3c0f168e26779a887477889e9a217dca') in 0.154349 seconds 
  Import took 0.158613 seconds .

========================================================================
Received Prepare
Registering precompiled user dll's ...
Registered in 0.010675 seconds.
Begin MonoManager ReloadAssembly
Native extension for WindowsStandalone target not found
Native extension for WebGL target not found
Refreshing native plugins compatible for Editor in 0.77 ms, found 2 plugins.
Preloading 0 native plugins for Editor in 0.00 ms.
Mono: successfully reloaded assembly
- Completed reload, in  1.325 seconds
Domain Reload Profiling:
	ReloadAssembly (1326ms)
		BeginReloadAssembly (161ms)
			ExecutionOrderSort (0ms)
			DisableScriptedObjects (6ms)
			BackupInstance (0ms)
			ReleaseScriptingObjects (0ms)
			CreateAndSetChildDomain (41ms)
		EndReloadAssembly (1081ms)
			LoadAssemblies (143ms)
			RebuildTransferFunctionScriptingTraits (0ms)
			SetupTypeCache (361ms)
			ReleaseScriptCaches (1ms)
			RebuildScriptCaches (44ms)
			SetupLoadedEditorAssemblies (425ms)
				LogAssemblyErrors (0ms)
				InitializePlatformSupportModulesInManaged (7ms)
				SetLoadedEditorAssemblies (1ms)
				RefreshPlugins (1ms)
				BeforeProcessingInitializeOnLoad (154ms)
				ProcessInitializeOnLoadAttributes (247ms)
				ProcessInitializeOnLoadMethodAttributes (8ms)
				AfterProcessingInitializeOnLoad (8ms)
				EditorAssembliesLoaded (0ms)
			ExecutionOrderSort2 (0ms)
			AwakeInstancesAfterBackupRestoration (7ms)
Platform modules already initialized, skipping
Switching build target platform(19) subTarget(0) extendedPlatform(0) -> platform(13) subTarget(537395200) extendedPlatform(0)
Refreshing native plugins compatible for Editor in 0.53 ms, found 2 plugins.
Preloading 0 native plugins for Editor in 0.00 ms.
Unloading 1722 Unused Serialized files (Serialized files now loaded: 0)
System memory in use before: 91.6 MB.
System memory in use after: 91.7 MB.

Unloading 30 unused Assets to reduce memory usage. Loaded Objects now: 2188.
Total: 2.954800 ms (FindLiveObjects: 0.168900 ms CreateObjectMapping: 0.062100 ms MarkObjects: 2.672800 ms  DeleteObjects: 0.050200 ms)

AssetImportParameters requested are different than current active one (requested -> active):
  custom:framework-win-MediaFoundation: 216162199b28c13a410421893ffa2e32 -> 
  custom:video-decoder-ogg-theora: a1e56fd34408186e4bbccfd4996cb3dc -> 
  custom:container-muxer-webm: aa71ff27fc2769a1b78a27578f13a17b -> 
  custom:container-demuxer-webm: 4f35f7cbe854078d1ac9338744f61a02 -> 
  custom:container-demuxer-ogg: 62fdf1f143b41e24485cea50d1cbac27 -> 
  custom:video-encoder-webm-vp8: eb34c28f22e8b96e1ab97ce403110664 -> 
  custom:video-decoder-webm-vp8: 9c59270c3fd7afecdb556c50c9e8de78 -> 
  custom:graphics/normal-map-encoding: 01000000000000000000000000000000 -> 02000000000000000000000000000000
  custom:audio-decoder-ogg-vorbis: bf7c407c2cedff20999df2af8eb42d56 -> 
  custom:audio-encoder-webm-vorbis: bf7c407c2cedff20999df2af8eb42d56 -> 
========================================================================
Received Import Request.
  Time since last request: 205.505277 seconds.
  path: Assets/Prefabs/GamePrefabs/Grounds/threeLineGround.prefab
  artifactKey: Guid(3ece1903d01c554489e780bab841faac) Importer(815301076,1909f56bfc062723c751e8b465ee728b)
Start importing Assets/Prefabs/GamePrefabs/Grounds/threeLineGround.prefab using Guid(3ece1903d01c554489e780bab841faac) Importer(815301076,1909f56bfc062723c751e8b465ee728b)  -> (artifact id: '2e906af419d3ee3585932995d6955fa7') in 0.084716 seconds 
  Import took 0.088733 seconds .

========================================================================
Received Import Request.
  Time since last request: 3.275908 seconds.
  path: Assets/Prefabs/GamePrefabs/Grounds/threeLineGround.prefab
  artifactKey: Guid(3ece1903d01c554489e780bab841faac) Importer(815301076,1909f56bfc062723c751e8b465ee728b)
Start importing Assets/Prefabs/GamePrefabs/Grounds/threeLineGround.prefab using Guid(3ece1903d01c554489e780bab841faac) Importer(815301076,1909f56bfc062723c751e8b465ee728b)  -> (artifact id: 'efc253a289af31d91e8ed8b26b301908') in 0.025510 seconds 
  Import took 0.029715 seconds .

========================================================================
Received Import Request.
  Time since last request: 1.431166 seconds.
  path: Assets/Prefabs/GamePrefabs/Grounds/threeLineGround.prefab
  artifactKey: Guid(3ece1903d01c554489e780bab841faac) Importer(815301076,1909f56bfc062723c751e8b465ee728b)
Start importing Assets/Prefabs/GamePrefabs/Grounds/threeLineGround.prefab using Guid(3ece1903d01c554489e780bab841faac) Importer(815301076,1909f56bfc062723c751e8b465ee728b)  -> (artifact id: '7a2d5135ef1aec0840b027b82b670379') in 0.027065 seconds 
  Import took 0.031052 seconds .

========================================================================
Received Import Request.
  Time since last request: 3.126248 seconds.
  path: Assets/Prefabs/GamePrefabs/Grounds/threeLineGround.prefab
  artifactKey: Guid(3ece1903d01c554489e780bab841faac) Importer(815301076,1909f56bfc062723c751e8b465ee728b)
Start importing Assets/Prefabs/GamePrefabs/Grounds/threeLineGround.prefab using Guid(3ece1903d01c554489e780bab841faac) Importer(815301076,1909f56bfc062723c751e8b465ee728b)  -> (artifact id: '18e33da0011df33ef2e95546d8625501') in 0.024211 seconds 
  Import took 0.028518 seconds .

========================================================================
Received Import Request.
  Time since last request: 1.387054 seconds.
  path: Assets/Prefabs/GamePrefabs/Grounds/threeLineGround.prefab
  artifactKey: Guid(3ece1903d01c554489e780bab841faac) Importer(815301076,1909f56bfc062723c751e8b465ee728b)
Start importing Assets/Prefabs/GamePrefabs/Grounds/threeLineGround.prefab using Guid(3ece1903d01c554489e780bab841faac) Importer(815301076,1909f56bfc062723c751e8b465ee728b)  -> (artifact id: '3de044195c3b199f834dbfc40fcc98ec') in 0.026364 seconds 
  Import took 0.030808 seconds .

========================================================================
Received Import Request.
  Time since last request: 1.602020 seconds.
  path: Assets/Prefabs/GamePrefabs/Grounds/threeLineGround.prefab
  artifactKey: Guid(3ece1903d01c554489e780bab841faac) Importer(815301076,1909f56bfc062723c751e8b465ee728b)
Start importing Assets/Prefabs/GamePrefabs/Grounds/threeLineGround.prefab using Guid(3ece1903d01c554489e780bab841faac) Importer(815301076,1909f56bfc062723c751e8b465ee728b)  -> (artifact id: 'd9e572a475db88fa3684a8d7b009b364') in 0.025637 seconds 
  Import took 0.029987 seconds .

========================================================================
Received Import Request.
  Time since last request: 7.402939 seconds.
  path: Assets/Prefabs/GamePrefabs/Grounds/threeLineGround.prefab
  artifactKey: Guid(3ece1903d01c554489e780bab841faac) Importer(815301076,1909f56bfc062723c751e8b465ee728b)
Start importing Assets/Prefabs/GamePrefabs/Grounds/threeLineGround.prefab using Guid(3ece1903d01c554489e780bab841faac) Importer(815301076,1909f56bfc062723c751e8b465ee728b)  -> (artifact id: 'a5899a3429199ffc56076cff62e9ca24') in 0.024449 seconds 
  Import took 0.028922 seconds .

========================================================================
Received Prepare
Registering precompiled user dll's ...
Registered in 0.010380 seconds.
Begin MonoManager ReloadAssembly
Native extension for WindowsStandalone target not found
Native extension for WebGL target not found
Refreshing native plugins compatible for Editor in 0.79 ms, found 2 plugins.
Preloading 0 native plugins for Editor in 0.00 ms.
Mono: successfully reloaded assembly
- Completed reload, in  1.402 seconds
Domain Reload Profiling:
	ReloadAssembly (1402ms)
		BeginReloadAssembly (130ms)
			ExecutionOrderSort (0ms)
			DisableScriptedObjects (4ms)
			BackupInstance (0ms)
			ReleaseScriptingObjects (0ms)
			CreateAndSetChildDomain (38ms)
		EndReloadAssembly (1180ms)
			LoadAssemblies (126ms)
			RebuildTransferFunctionScriptingTraits (0ms)
			SetupTypeCache (435ms)
			ReleaseScriptCaches (1ms)
			RebuildScriptCaches (66ms)
			SetupLoadedEditorAssemblies (384ms)
				LogAssemblyErrors (0ms)
				InitializePlatformSupportModulesInManaged (8ms)
				SetLoadedEditorAssemblies (1ms)
				RefreshPlugins (1ms)
				BeforeProcessingInitializeOnLoad (111ms)
				ProcessInitializeOnLoadAttributes (246ms)
				ProcessInitializeOnLoadMethodAttributes (9ms)
				AfterProcessingInitializeOnLoad (8ms)
				EditorAssembliesLoaded (0ms)
			ExecutionOrderSort2 (0ms)
			AwakeInstancesAfterBackupRestoration (7ms)
Platform modules already initialized, skipping
Switching build target platform(19) subTarget(0) extendedPlatform(0) -> platform(13) subTarget(537395200) extendedPlatform(0)
Refreshing native plugins compatible for Editor in 0.62 ms, found 2 plugins.
Preloading 0 native plugins for Editor in 0.00 ms.
Unloading 1722 Unused Serialized files (Serialized files now loaded: 0)
System memory in use before: 91.7 MB.
System memory in use after: 91.8 MB.

Unloading 30 unused Assets to reduce memory usage. Loaded Objects now: 2191.
Total: 3.697400 ms (FindLiveObjects: 0.208600 ms CreateObjectMapping: 0.079100 ms MarkObjects: 3.380700 ms  DeleteObjects: 0.027800 ms)

AssetImportParameters requested are different than current active one (requested -> active):
  custom:framework-win-MediaFoundation: 216162199b28c13a410421893ffa2e32 -> 
  custom:video-decoder-ogg-theora: a1e56fd34408186e4bbccfd4996cb3dc -> 
  custom:container-muxer-webm: aa71ff27fc2769a1b78a27578f13a17b -> 
  custom:container-demuxer-webm: 4f35f7cbe854078d1ac9338744f61a02 -> 
  custom:container-demuxer-ogg: 62fdf1f143b41e24485cea50d1cbac27 -> 
  custom:video-encoder-webm-vp8: eb34c28f22e8b96e1ab97ce403110664 -> 
  custom:video-decoder-webm-vp8: 9c59270c3fd7afecdb556c50c9e8de78 -> 
  custom:graphics/normal-map-encoding: 01000000000000000000000000000000 -> 02000000000000000000000000000000
  custom:audio-decoder-ogg-vorbis: bf7c407c2cedff20999df2af8eb42d56 -> 
  custom:audio-encoder-webm-vorbis: bf7c407c2cedff20999df2af8eb42d56 -> 
========================================================================
Received Import Request.
  Time since last request: 50.567475 seconds.
  path: Assets/Prefabs/GamePrefabs/Grounds/threeLineGround.prefab
  artifactKey: Guid(3ece1903d01c554489e780bab841faac) Importer(815301076,1909f56bfc062723c751e8b465ee728b)
Start importing Assets/Prefabs/GamePrefabs/Grounds/threeLineGround.prefab using Guid(3ece1903d01c554489e780bab841faac) Importer(815301076,1909f56bfc062723c751e8b465ee728b)  -> (artifact id: '2e9cc6502cfe512e657475d183174f63') in 0.090320 seconds 
  Import took 0.094720 seconds .

========================================================================
Received Import Request.
  Time since last request: 1.795508 seconds.
  path: Assets/Prefabs/GamePrefabs/Grounds/threeLineGround.prefab
  artifactKey: Guid(3ece1903d01c554489e780bab841faac) Importer(815301076,1909f56bfc062723c751e8b465ee728b)
Start importing Assets/Prefabs/GamePrefabs/Grounds/threeLineGround.prefab using Guid(3ece1903d01c554489e780bab841faac) Importer(815301076,1909f56bfc062723c751e8b465ee728b)  -> (artifact id: '675614a2cac8794032b64eabbb2faa8d') in 0.025155 seconds 
  Import took 0.029478 seconds .

========================================================================
Received Import Request.
  Time since last request: 30.291550 seconds.
  path: Assets/Prefabs/GamePrefabs/Barriers/OneSideBarrier.prefab
  artifactKey: Guid(32a583a310b325942af7862b576a3618) Importer(815301076,1909f56bfc062723c751e8b465ee728b)
Start importing Assets/Prefabs/GamePrefabs/Barriers/OneSideBarrier.prefab using Guid(32a583a310b325942af7862b576a3618) Importer(815301076,1909f56bfc062723c751e8b465ee728b)  -> (artifact id: '84ee6007c53022026694e5ae7da087fa') in 0.013364 seconds 
  Import took 0.017790 seconds .

========================================================================
Received Import Request.
  Time since last request: 9.147348 seconds.
  path: Assets/Prefabs/GamePrefabs/Barriers/OneSideBarrier.prefab
  artifactKey: Guid(32a583a310b325942af7862b576a3618) Importer(815301076,1909f56bfc062723c751e8b465ee728b)
Start importing Assets/Prefabs/GamePrefabs/Barriers/OneSideBarrier.prefab using Guid(32a583a310b325942af7862b576a3618) Importer(815301076,1909f56bfc062723c751e8b465ee728b)  -> (artifact id: 'e11d22e04823af043150a6015dc9fe3a') in 0.014379 seconds 
  Import took 0.018680 seconds .

========================================================================
Received Import Request.
  Time since last request: 3.076945 seconds.
  path: Assets/Prefabs/GamePrefabs/Barriers/OneSideBarrier.prefab
  artifactKey: Guid(32a583a310b325942af7862b576a3618) Importer(815301076,1909f56bfc062723c751e8b465ee728b)
Start importing Assets/Prefabs/GamePrefabs/Barriers/OneSideBarrier.prefab using Guid(32a583a310b325942af7862b576a3618) Importer(815301076,1909f56bfc062723c751e8b465ee728b)  -> (artifact id: 'd63efc56c9f18ac1f88ea72ade4cbcff') in 0.013407 seconds 
  Import took 0.017234 seconds .

========================================================================
Received Import Request.
  Time since last request: 8.029628 seconds.
  path: Assets/Prefabs/GamePrefabs/Barriers/OneSideBarrier.prefab
  artifactKey: Guid(32a583a310b325942af7862b576a3618) Importer(815301076,1909f56bfc062723c751e8b465ee728b)
Start importing Assets/Prefabs/GamePrefabs/Barriers/OneSideBarrier.prefab using Guid(32a583a310b325942af7862b576a3618) Importer(815301076,1909f56bfc062723c751e8b465ee728b)  -> (artifact id: 'e165cc4e9a533b362de946e37c3df460') in 0.014924 seconds 
  Import took 0.019352 seconds .

========================================================================
Received Import Request.
  Time since last request: 4.488946 seconds.
  path: Assets/Prefabs/GamePrefabs/Barriers/OneSideBarrier.prefab
  artifactKey: Guid(32a583a310b325942af7862b576a3618) Importer(815301076,1909f56bfc062723c751e8b465ee728b)
Start importing Assets/Prefabs/GamePrefabs/Barriers/OneSideBarrier.prefab using Guid(32a583a310b325942af7862b576a3618) Importer(815301076,1909f56bfc062723c751e8b465ee728b)  -> (artifact id: 'f0213809183f23b6b34a7b206bfbc482') in 0.014378 seconds 
  Import took 0.019723 seconds .

========================================================================
Received Import Request.
  Time since last request: 1.460976 seconds.
  path: Assets/Prefabs/GamePrefabs/Barriers/OneSideBarrier.prefab
  artifactKey: Guid(32a583a310b325942af7862b576a3618) Importer(815301076,1909f56bfc062723c751e8b465ee728b)
Start importing Assets/Prefabs/GamePrefabs/Barriers/OneSideBarrier.prefab using Guid(32a583a310b325942af7862b576a3618) Importer(815301076,1909f56bfc062723c751e8b465ee728b)  -> (artifact id: '9bd303a93fcb195a9d9e0ed4538cd6f8') in 0.017437 seconds 
  Import took 0.022204 seconds .

========================================================================
Received Import Request.
  Time since last request: 2.069746 seconds.
  path: Assets/Prefabs/GamePrefabs/Barriers/OneSideBarrier.prefab
  artifactKey: Guid(32a583a310b325942af7862b576a3618) Importer(815301076,1909f56bfc062723c751e8b465ee728b)
Start importing Assets/Prefabs/GamePrefabs/Barriers/OneSideBarrier.prefab using Guid(32a583a310b325942af7862b576a3618) Importer(815301076,1909f56bfc062723c751e8b465ee728b)  -> (artifact id: '83253697365408db855a155fb8f6f66d') in 0.016569 seconds 
  Import took 0.021002 seconds .

========================================================================
Received Import Request.
  Time since last request: 5.100714 seconds.
  path: Assets/Prefabs/GamePrefabs/Tiles/BosYol.prefab
  artifactKey: Guid(69a1494d200c97a44b7e6cbeca46dbcd) Importer(815301076,1909f56bfc062723c751e8b465ee728b)
Start importing Assets/Prefabs/GamePrefabs/Tiles/BosYol.prefab using Guid(69a1494d200c97a44b7e6cbeca46dbcd) Importer(815301076,1909f56bfc062723c751e8b465ee728b)  -> (artifact id: '6830df32586d7e828efb39efad1a4a19') in 0.038826 seconds 
  Import took 0.043384 seconds .

========================================================================
Received Import Request.
  Time since last request: 0.000350 seconds.
  path: Assets/Prefabs/GamePrefabs/Tiles/GameTile1.prefab
  artifactKey: Guid(ab636fe7248fa064d93ac4f4b764120b) Importer(815301076,1909f56bfc062723c751e8b465ee728b)
Start importing Assets/Prefabs/GamePrefabs/Tiles/GameTile1.prefab using Guid(ab636fe7248fa064d93ac4f4b764120b) Importer(815301076,1909f56bfc062723c751e8b465ee728b)  -> (artifact id: '1f571b7aeeef00ed37040015974c0ea4') in 0.034227 seconds 
  Import took 0.037856 seconds .

========================================================================
Received Import Request.
  Time since last request: 0.000332 seconds.
  path: Assets/Prefabs/GamePrefabs/Tiles/GameTile7.prefab
  artifactKey: Guid(3a2c4ebf5e862054aadff9fcdae185c1) Importer(815301076,1909f56bfc062723c751e8b465ee728b)
Start importing Assets/Prefabs/GamePrefabs/Tiles/GameTile7.prefab using Guid(3a2c4ebf5e862054aadff9fcdae185c1) Importer(815301076,1909f56bfc062723c751e8b465ee728b)  -> (artifact id: '29625cdf777c527783f2e6f5dcfbeeea') in 0.056074 seconds 
  Import took 0.060272 seconds .

========================================================================
Received Import Request.
  Time since last request: 0.000352 seconds.
  path: Assets/Prefabs/GamePrefabs/Tiles/GameTile4.prefab
  artifactKey: Guid(f55efe64ec3bc7b4889440aecd7c2516) Importer(815301076,1909f56bfc062723c751e8b465ee728b)
Start importing Assets/Prefabs/GamePrefabs/Tiles/GameTile4.prefab using Guid(f55efe64ec3bc7b4889440aecd7c2516) Importer(815301076,1909f56bfc062723c751e8b465ee728b)  -> (artifact id: 'bcb74b6bb3c6eaa08ec8445fc55d8fc2') in 0.033103 seconds 
  Import took 0.037146 seconds .

========================================================================
Received Import Request.
  Time since last request: 0.000340 seconds.
  path: Assets/Prefabs/GamePrefabs/Tiles/GameTile3.prefab
  artifactKey: Guid(b2b7e48978e37fe48a0492783cbe6546) Importer(815301076,1909f56bfc062723c751e8b465ee728b)
Start importing Assets/Prefabs/GamePrefabs/Tiles/GameTile3.prefab using Guid(b2b7e48978e37fe48a0492783cbe6546) Importer(815301076,1909f56bfc062723c751e8b465ee728b)  -> (artifact id: 'a3a0fd12b688a1ee242eda22833e088d') in 0.032057 seconds 
  Import took 0.036045 seconds .

========================================================================
Received Import Request.
  Time since last request: 0.000355 seconds.
  path: Assets/Prefabs/GamePrefabs/Tiles/GameTile2.prefab
  artifactKey: Guid(e2bb4f2b7a50b8b4cb78be925ca36422) Importer(815301076,1909f56bfc062723c751e8b465ee728b)
Start importing Assets/Prefabs/GamePrefabs/Tiles/GameTile2.prefab using Guid(e2bb4f2b7a50b8b4cb78be925ca36422) Importer(815301076,1909f56bfc062723c751e8b465ee728b)  -> (artifact id: '4ab2560a0286e6de45ff8c6fbd296416') in 0.030124 seconds 
  Import took 0.034563 seconds .

========================================================================
Received Import Request.
  Time since last request: 0.000342 seconds.
  path: Assets/Prefabs/GamePrefabs/Tiles/GameTile6.prefab
  artifactKey: Guid(4a3cd8950bb2ee74198bb02c9fe601e4) Importer(815301076,1909f56bfc062723c751e8b465ee728b)
Start importing Assets/Prefabs/GamePrefabs/Tiles/GameTile6.prefab using Guid(4a3cd8950bb2ee74198bb02c9fe601e4) Importer(815301076,1909f56bfc062723c751e8b465ee728b)  -> (artifact id: 'b3590a3116da472d2c2fda23df4a1808') in 0.031133 seconds 
  Import took 0.034896 seconds .

========================================================================
Received Import Request.
  Time since last request: 0.000289 seconds.
  path: Assets/Prefabs/GamePrefabs/Tiles/GameTile5.prefab
  artifactKey: Guid(35d962339e6fe704d8d78fb3e427e29e) Importer(815301076,1909f56bfc062723c751e8b465ee728b)
Start importing Assets/Prefabs/GamePrefabs/Tiles/GameTile5.prefab using Guid(35d962339e6fe704d8d78fb3e427e29e) Importer(815301076,1909f56bfc062723c751e8b465ee728b)  -> (artifact id: '4e92c3cc9e94f99e468200b6fe000305') in 0.046575 seconds 
  Import took 0.051210 seconds .

========================================================================
Received Import Request.
  Time since last request: 0.000261 seconds.
  path: Assets/Prefabs/GamePrefabs/Tiles/MainMenuTile.prefab
  artifactKey: Guid(e43c60b80fb1f7c48a42280af15ad2c8) Importer(815301076,1909f56bfc062723c751e8b465ee728b)
Start importing Assets/Prefabs/GamePrefabs/Tiles/MainMenuTile.prefab using Guid(e43c60b80fb1f7c48a42280af15ad2c8) Importer(815301076,1909f56bfc062723c751e8b465ee728b)  -> (artifact id: '32b111993a875d91ae1e4e9bd4b08e53') in 0.029832 seconds 
  Import took 0.034229 seconds .

========================================================================
Received Import Request.
  Time since last request: 1.429433 seconds.
  path: Assets/Prefabs/GamePrefabs/Grounds/threeLineGround.prefab
  artifactKey: Guid(3ece1903d01c554489e780bab841faac) Importer(815301076,1909f56bfc062723c751e8b465ee728b)
Start importing Assets/Prefabs/GamePrefabs/Grounds/threeLineGround.prefab using Guid(3ece1903d01c554489e780bab841faac) Importer(815301076,1909f56bfc062723c751e8b465ee728b)  -> (artifact id: 'ad394c0010a2e7d8c674362aad0747e2') in 0.022370 seconds 
  Import took 0.027206 seconds .

========================================================================
Received Prepare
Registering precompiled user dll's ...
Registered in 0.013233 seconds.
Begin MonoManager ReloadAssembly
Native extension for WindowsStandalone target not found
Native extension for WebGL target not found
Refreshing native plugins compatible for Editor in 0.63 ms, found 2 plugins.
Preloading 0 native plugins for Editor in 0.00 ms.
Mono: successfully reloaded assembly
- Completed reload, in  1.649 seconds
Domain Reload Profiling:
	ReloadAssembly (1650ms)
		BeginReloadAssembly (157ms)
			ExecutionOrderSort (0ms)
			DisableScriptedObjects (7ms)
			BackupInstance (0ms)
			ReleaseScriptingObjects (0ms)
			CreateAndSetChildDomain (47ms)
		EndReloadAssembly (1392ms)
			LoadAssemblies (147ms)
			RebuildTransferFunctionScriptingTraits (0ms)
			SetupTypeCache (462ms)
			ReleaseScriptCaches (1ms)
			RebuildScriptCaches (66ms)
			SetupLoadedEditorAssemblies (520ms)
				LogAssemblyErrors (0ms)
				InitializePlatformSupportModulesInManaged (9ms)
				SetLoadedEditorAssemblies (1ms)
				RefreshPlugins (1ms)
				BeforeProcessingInitializeOnLoad (137ms)
				ProcessInitializeOnLoadAttributes (353ms)
				ProcessInitializeOnLoadMethodAttributes (9ms)
				AfterProcessingInitializeOnLoad (10ms)
				EditorAssembliesLoaded (0ms)
			ExecutionOrderSort2 (0ms)
			AwakeInstancesAfterBackupRestoration (9ms)
Platform modules already initialized, skipping
Switching build target platform(19) subTarget(0) extendedPlatform(0) -> platform(13) subTarget(537395200) extendedPlatform(0)
Refreshing native plugins compatible for Editor in 0.71 ms, found 2 plugins.
Preloading 0 native plugins for Editor in 0.00 ms.
Unloading 1722 Unused Serialized files (Serialized files now loaded: 0)
System memory in use before: 92.6 MB.
System memory in use after: 92.7 MB.

Unloading 30 unused Assets to reduce memory usage. Loaded Objects now: 2194.
Total: 4.249900 ms (FindLiveObjects: 0.253800 ms CreateObjectMapping: 0.088300 ms MarkObjects: 3.875200 ms  DeleteObjects: 0.031100 ms)

AssetImportParameters requested are different than current active one (requested -> active):
  custom:framework-win-MediaFoundation: 216162199b28c13a410421893ffa2e32 -> 
  custom:video-decoder-ogg-theora: a1e56fd34408186e4bbccfd4996cb3dc -> 
  custom:container-muxer-webm: aa71ff27fc2769a1b78a27578f13a17b -> 
  custom:container-demuxer-webm: 4f35f7cbe854078d1ac9338744f61a02 -> 
  custom:container-demuxer-ogg: 62fdf1f143b41e24485cea50d1cbac27 -> 
  custom:video-encoder-webm-vp8: eb34c28f22e8b96e1ab97ce403110664 -> 
  custom:video-decoder-webm-vp8: 9c59270c3fd7afecdb556c50c9e8de78 -> 
  custom:graphics/normal-map-encoding: 01000000000000000000000000000000 -> 02000000000000000000000000000000
  custom:audio-decoder-ogg-vorbis: bf7c407c2cedff20999df2af8eb42d56 -> 
  custom:audio-encoder-webm-vorbis: bf7c407c2cedff20999df2af8eb42d56 -> 
========================================================================
Received Import Request.
  Time since last request: 60.136910 seconds.
  path: Assets/Prefabs/GamePrefabs/Grounds/threeLineGround.prefab
  artifactKey: Guid(3ece1903d01c554489e780bab841faac) Importer(815301076,1909f56bfc062723c751e8b465ee728b)
Start importing Assets/Prefabs/GamePrefabs/Grounds/threeLineGround.prefab using Guid(3ece1903d01c554489e780bab841faac) Importer(815301076,1909f56bfc062723c751e8b465ee728b)  -> (artifact id: '46bbe8220e08975c3843b5146786c07e') in 0.109451 seconds 
  Import took 0.122420 seconds .

========================================================================
Received Prepare
Registering precompiled user dll's ...
Registered in 0.011918 seconds.
Begin MonoManager ReloadAssembly
Native extension for WindowsStandalone target not found
Native extension for WebGL target not found
Refreshing native plugins compatible for Editor in 0.73 ms, found 2 plugins.
Preloading 0 native plugins for Editor in 0.00 ms.
Mono: successfully reloaded assembly
- Completed reload, in  1.581 seconds
Domain Reload Profiling:
	ReloadAssembly (1582ms)
		BeginReloadAssembly (130ms)
			ExecutionOrderSort (0ms)
			DisableScriptedObjects (5ms)
			BackupInstance (0ms)
			ReleaseScriptingObjects (0ms)
			CreateAndSetChildDomain (38ms)
		EndReloadAssembly (1374ms)
			LoadAssemblies (113ms)
			RebuildTransferFunctionScriptingTraits (0ms)
			SetupTypeCache (418ms)
			ReleaseScriptCaches (1ms)
			RebuildScriptCaches (71ms)
			SetupLoadedEditorAssemblies (549ms)
				LogAssemblyErrors (0ms)
				InitializePlatformSupportModulesInManaged (10ms)
				SetLoadedEditorAssemblies (1ms)
				RefreshPlugins (1ms)
				BeforeProcessingInitializeOnLoad (144ms)
				ProcessInitializeOnLoadAttributes (367ms)
				ProcessInitializeOnLoadMethodAttributes (14ms)
				AfterProcessingInitializeOnLoad (12ms)
				EditorAssembliesLoaded (0ms)
			ExecutionOrderSort2 (0ms)
			AwakeInstancesAfterBackupRestoration (11ms)
Platform modules already initialized, skipping
Switching build target platform(19) subTarget(0) extendedPlatform(0) -> platform(13) subTarget(537395200) extendedPlatform(0)
Refreshing native plugins compatible for Editor in 0.59 ms, found 2 plugins.
Preloading 0 native plugins for Editor in 0.00 ms.
Unloading 1722 Unused Serialized files (Serialized files now loaded: 0)
System memory in use before: 92.6 MB.
System memory in use after: 92.7 MB.

Unloading 30 unused Assets to reduce memory usage. Loaded Objects now: 2197.
Total: 3.307600 ms (FindLiveObjects: 0.190300 ms CreateObjectMapping: 0.063700 ms MarkObjects: 3.028500 ms  DeleteObjects: 0.024100 ms)

AssetImportParameters requested are different than current active one (requested -> active):
  custom:framework-win-MediaFoundation: 216162199b28c13a410421893ffa2e32 -> 
  custom:video-decoder-ogg-theora: a1e56fd34408186e4bbccfd4996cb3dc -> 
  custom:container-muxer-webm: aa71ff27fc2769a1b78a27578f13a17b -> 
  custom:container-demuxer-webm: 4f35f7cbe854078d1ac9338744f61a02 -> 
  custom:container-demuxer-ogg: 62fdf1f143b41e24485cea50d1cbac27 -> 
  custom:video-encoder-webm-vp8: eb34c28f22e8b96e1ab97ce403110664 -> 
  custom:video-decoder-webm-vp8: 9c59270c3fd7afecdb556c50c9e8de78 -> 
  custom:graphics/normal-map-encoding: 01000000000000000000000000000000 -> 02000000000000000000000000000000
  custom:audio-decoder-ogg-vorbis: bf7c407c2cedff20999df2af8eb42d56 -> 
  custom:audio-encoder-webm-vorbis: bf7c407c2cedff20999df2af8eb42d56 -> 
========================================================================
Received Import Request.
  Time since last request: 32.492672 seconds.
  path: Assets/Prefabs/GamePrefabs/Grounds/threeLineGround.prefab
  artifactKey: Guid(3ece1903d01c554489e780bab841faac) Importer(815301076,1909f56bfc062723c751e8b465ee728b)
Start importing Assets/Prefabs/GamePrefabs/Grounds/threeLineGround.prefab using Guid(3ece1903d01c554489e780bab841faac) Importer(815301076,1909f56bfc062723c751e8b465ee728b)  -> (artifact id: 'd99961a4ba78b883df048f8a8ba17b3a') in 0.078035 seconds 
  Import took 0.082427 seconds .

========================================================================
Received Prepare
Registering precompiled user dll's ...
Registered in 0.014834 seconds.
Begin MonoManager ReloadAssembly
Native extension for WindowsStandalone target not found
Native extension for WebGL target not found
Refreshing native plugins compatible for Editor in 0.59 ms, found 2 plugins.
Preloading 0 native plugins for Editor in 0.00 ms.
Mono: successfully reloaded assembly
- Completed reload, in  1.248 seconds
Domain Reload Profiling:
	ReloadAssembly (1248ms)
		BeginReloadAssembly (121ms)
			ExecutionOrderSort (0ms)
			DisableScriptedObjects (6ms)
			BackupInstance (0ms)
			ReleaseScriptingObjects (0ms)
			CreateAndSetChildDomain (31ms)
		EndReloadAssembly (1051ms)
			LoadAssemblies (109ms)
			RebuildTransferFunctionScriptingTraits (0ms)
			SetupTypeCache (344ms)
			ReleaseScriptCaches (1ms)
			RebuildScriptCaches (50ms)
			SetupLoadedEditorAssemblies (375ms)
				LogAssemblyErrors (0ms)
				InitializePlatformSupportModulesInManaged (6ms)
				SetLoadedEditorAssemblies (1ms)
				RefreshPlugins (1ms)
				BeforeProcessingInitializeOnLoad (105ms)
				ProcessInitializeOnLoadAttributes (243ms)
				ProcessInitializeOnLoadMethodAttributes (10ms)
				AfterProcessingInitializeOnLoad (10ms)
				EditorAssembliesLoaded (0ms)
			ExecutionOrderSort2 (0ms)
			AwakeInstancesAfterBackupRestoration (8ms)
Platform modules already initialized, skipping
Switching build target platform(19) subTarget(0) extendedPlatform(0) -> platform(13) subTarget(537395200) extendedPlatform(0)
Refreshing native plugins compatible for Editor in 0.61 ms, found 2 plugins.
Preloading 0 native plugins for Editor in 0.00 ms.
Unloading 1722 Unused Serialized files (Serialized files now loaded: 0)
System memory in use before: 92.9 MB.
System memory in use after: 93.0 MB.

Unloading 30 unused Assets to reduce memory usage. Loaded Objects now: 2200.
Total: 3.087600 ms (FindLiveObjects: 0.185300 ms CreateObjectMapping: 0.057100 ms MarkObjects: 2.794900 ms  DeleteObjects: 0.049300 ms)

AssetImportParameters requested are different than current active one (requested -> active):
  custom:framework-win-MediaFoundation: 216162199b28c13a410421893ffa2e32 -> 
  custom:video-decoder-ogg-theora: a1e56fd34408186e4bbccfd4996cb3dc -> 
  custom:container-muxer-webm: aa71ff27fc2769a1b78a27578f13a17b -> 
  custom:container-demuxer-webm: 4f35f7cbe854078d1ac9338744f61a02 -> 
  custom:container-demuxer-ogg: 62fdf1f143b41e24485cea50d1cbac27 -> 
  custom:video-encoder-webm-vp8: eb34c28f22e8b96e1ab97ce403110664 -> 
  custom:video-decoder-webm-vp8: 9c59270c3fd7afecdb556c50c9e8de78 -> 
  custom:graphics/normal-map-encoding: 01000000000000000000000000000000 -> 02000000000000000000000000000000
  custom:audio-decoder-ogg-vorbis: bf7c407c2cedff20999df2af8eb42d56 -> 
  custom:audio-encoder-webm-vorbis: bf7c407c2cedff20999df2af8eb42d56 -> 
========================================================================
Received Prepare
Refreshing native plugins compatible for Editor in 6.79 ms, found 2 plugins.
Preloading 0 native plugins for Editor in 0.00 ms.
Unloading 27 Unused Serialized files (Serialized files now loaded: 0)
System memory in use before: 59.7 MB.
System memory in use after: 59.8 MB.

Unloading 27 unused Assets to reduce memory usage. Loaded Objects now: 2200.
Total: 3.565800 ms (FindLiveObjects: 0.173700 ms CreateObjectMapping: 0.059200 ms MarkObjects: 3.281000 ms  DeleteObjects: 0.051200 ms)

AssetImportParameters requested are different than current active one (requested -> active):
  custom:framework-win-MediaFoundation: 216162199b28c13a410421893ffa2e32 -> 
  custom:video-decoder-ogg-theora: a1e56fd34408186e4bbccfd4996cb3dc -> 
  custom:container-muxer-webm: aa71ff27fc2769a1b78a27578f13a17b -> 
  custom:container-demuxer-webm: 4f35f7cbe854078d1ac9338744f61a02 -> 
  custom:container-demuxer-ogg: 62fdf1f143b41e24485cea50d1cbac27 -> 
  custom:video-encoder-webm-vp8: eb34c28f22e8b96e1ab97ce403110664 -> 
  custom:video-decoder-webm-vp8: 9c59270c3fd7afecdb556c50c9e8de78 -> 
  custom:audio-decoder-ogg-vorbis: bf7c407c2cedff20999df2af8eb42d56 -> 
  custom:audio-encoder-webm-vorbis: bf7c407c2cedff20999df2af8eb42d56 -> 
========================================================================
Received Import Request.
  Time since last request: 224.934883 seconds.
  path: Assets/Prefabs/GamePrefabs/Grounds/threeLineGround.prefab
  artifactKey: Guid(3ece1903d01c554489e780bab841faac) Importer(815301076,1909f56bfc062723c751e8b465ee728b)
Start importing Assets/Prefabs/GamePrefabs/Grounds/threeLineGround.prefab using Guid(3ece1903d01c554489e780bab841faac) Importer(815301076,1909f56bfc062723c751e8b465ee728b)  -> (artifact id: 'ef58112b3a4f435da26e88ef6113181c') in 0.081772 seconds 
  Import took 0.087147 seconds .

========================================================================
Received Import Request.
  Time since last request: 4.205643 seconds.
  path: Assets/Prefabs/GamePrefabs/Grounds/threeLineGround.prefab
  artifactKey: Guid(3ece1903d01c554489e780bab841faac) Importer(815301076,1909f56bfc062723c751e8b465ee728b)
Start importing Assets/Prefabs/GamePrefabs/Grounds/threeLineGround.prefab using Guid(3ece1903d01c554489e780bab841faac) Importer(815301076,1909f56bfc062723c751e8b465ee728b)  -> (artifact id: '0fc7b2c930ba9c9ef3665d209bc50abd') in 0.026823 seconds 
  Import took 0.031057 seconds .

========================================================================
Received Import Request.
  Time since last request: 2.362469 seconds.
  path: Assets/Materials/Ground/LightBrown.mat
  artifactKey: Guid(857262887f8e3004c93cbf919b678ba4) Importer(815301076,1909f56bfc062723c751e8b465ee728b)
Start importing Assets/Materials/Ground/LightBrown.mat using Guid(857262887f8e3004c93cbf919b678ba4) Importer(815301076,1909f56bfc062723c751e8b465ee728b)  -> (artifact id: '3c7eb07915c84c8f34c571dd98698150') in 0.036917 seconds 
  Import took 0.041095 seconds .

========================================================================
Received Prepare
Registering precompiled user dll's ...
Registered in 0.016758 seconds.
Begin MonoManager ReloadAssembly
Native extension for WindowsStandalone target not found
Native extension for WebGL target not found
Refreshing native plugins compatible for Editor in 0.60 ms, found 2 plugins.
Preloading 0 native plugins for Editor in 0.00 ms.
Mono: successfully reloaded assembly
- Completed reload, in  1.277 seconds
Domain Reload Profiling:
	ReloadAssembly (1277ms)
		BeginReloadAssembly (130ms)
			ExecutionOrderSort (0ms)
			DisableScriptedObjects (5ms)
			BackupInstance (0ms)
			ReleaseScriptingObjects (0ms)
			CreateAndSetChildDomain (35ms)
		EndReloadAssembly (1068ms)
			LoadAssemblies (102ms)
			RebuildTransferFunctionScriptingTraits (0ms)
			SetupTypeCache (324ms)
			ReleaseScriptCaches (1ms)
			RebuildScriptCaches (46ms)
			SetupLoadedEditorAssemblies (412ms)
				LogAssemblyErrors (0ms)
				InitializePlatformSupportModulesInManaged (6ms)
				SetLoadedEditorAssemblies (1ms)
				RefreshPlugins (1ms)
				BeforeProcessingInitializeOnLoad (107ms)
				ProcessInitializeOnLoadAttributes (279ms)
				ProcessInitializeOnLoadMethodAttributes (9ms)
				AfterProcessingInitializeOnLoad (9ms)
				EditorAssembliesLoaded (0ms)
			ExecutionOrderSort2 (0ms)
			AwakeInstancesAfterBackupRestoration (7ms)
Platform modules already initialized, skipping
Switching build target platform(19) subTarget(0) extendedPlatform(0) -> platform(13) subTarget(537395200) extendedPlatform(0)
Refreshing native plugins compatible for Editor in 0.91 ms, found 2 plugins.
Preloading 0 native plugins for Editor in 0.00 ms.
Unloading 1722 Unused Serialized files (Serialized files now loaded: 0)
System memory in use before: 93.1 MB.
System memory in use after: 93.2 MB.

Unloading 30 unused Assets to reduce memory usage. Loaded Objects now: 2236.
Total: 3.869800 ms (FindLiveObjects: 0.204900 ms CreateObjectMapping: 0.063400 ms MarkObjects: 3.564700 ms  DeleteObjects: 0.035700 ms)

AssetImportParameters requested are different than current active one (requested -> active):
  custom:framework-win-MediaFoundation: 216162199b28c13a410421893ffa2e32 -> 
  custom:video-decoder-ogg-theora: a1e56fd34408186e4bbccfd4996cb3dc -> 
  custom:container-muxer-webm: aa71ff27fc2769a1b78a27578f13a17b -> 
  custom:container-demuxer-webm: 4f35f7cbe854078d1ac9338744f61a02 -> 
  custom:container-demuxer-ogg: 62fdf1f143b41e24485cea50d1cbac27 -> 
  custom:video-encoder-webm-vp8: eb34c28f22e8b96e1ab97ce403110664 -> 
  custom:video-decoder-webm-vp8: 9c59270c3fd7afecdb556c50c9e8de78 -> 
  custom:graphics/normal-map-encoding: 01000000000000000000000000000000 -> 02000000000000000000000000000000
  custom:audio-decoder-ogg-vorbis: bf7c407c2cedff20999df2af8eb42d56 -> 
  custom:audio-encoder-webm-vorbis: bf7c407c2cedff20999df2af8eb42d56 -> 
========================================================================
Received Prepare
Registering precompiled user dll's ...
Registered in 0.011633 seconds.
Begin MonoManager ReloadAssembly
Native extension for WindowsStandalone target not found
Native extension for WebGL target not found
Refreshing native plugins compatible for Editor in 0.54 ms, found 2 plugins.
Preloading 0 native plugins for Editor in 0.00 ms.
Mono: successfully reloaded assembly
- Completed reload, in  1.249 seconds
Domain Reload Profiling:
	ReloadAssembly (1250ms)
		BeginReloadAssembly (116ms)
			ExecutionOrderSort (0ms)
			DisableScriptedObjects (5ms)
			BackupInstance (0ms)
			ReleaseScriptingObjects (0ms)
			CreateAndSetChildDomain (34ms)
		EndReloadAssembly (1058ms)
			LoadAssemblies (104ms)
			RebuildTransferFunctionScriptingTraits (0ms)
			SetupTypeCache (341ms)
			ReleaseScriptCaches (1ms)
			RebuildScriptCaches (47ms)
			SetupLoadedEditorAssemblies (373ms)
				LogAssemblyErrors (0ms)
				InitializePlatformSupportModulesInManaged (6ms)
				SetLoadedEditorAssemblies (1ms)
				RefreshPlugins (1ms)
				BeforeProcessingInitializeOnLoad (104ms)
				ProcessInitializeOnLoadAttributes (244ms)
				ProcessInitializeOnLoadMethodAttributes (9ms)
				AfterProcessingInitializeOnLoad (9ms)
				EditorAssembliesLoaded (0ms)
			ExecutionOrderSort2 (0ms)
			AwakeInstancesAfterBackupRestoration (8ms)
Platform modules already initialized, skipping
Switching build target platform(19) subTarget(0) extendedPlatform(0) -> platform(13) subTarget(537395200) extendedPlatform(0)
Refreshing native plugins compatible for Editor in 1.08 ms, found 2 plugins.
Preloading 0 native plugins for Editor in 0.00 ms.
Unloading 1722 Unused Serialized files (Serialized files now loaded: 0)
System memory in use before: 93.1 MB.
System memory in use after: 93.2 MB.

Unloading 30 unused Assets to reduce memory usage. Loaded Objects now: 2238.
Total: 3.657800 ms (FindLiveObjects: 0.206300 ms CreateObjectMapping: 0.073000 ms MarkObjects: 3.349200 ms  DeleteObjects: 0.028300 ms)

AssetImportParameters requested are different than current active one (requested -> active):
  custom:framework-win-MediaFoundation: 216162199b28c13a410421893ffa2e32 -> 
  custom:video-decoder-ogg-theora: a1e56fd34408186e4bbccfd4996cb3dc -> 
  custom:container-muxer-webm: aa71ff27fc2769a1b78a27578f13a17b -> 
  custom:container-demuxer-webm: 4f35f7cbe854078d1ac9338744f61a02 -> 
  custom:container-demuxer-ogg: 62fdf1f143b41e24485cea50d1cbac27 -> 
  custom:video-encoder-webm-vp8: eb34c28f22e8b96e1ab97ce403110664 -> 
  custom:video-decoder-webm-vp8: 9c59270c3fd7afecdb556c50c9e8de78 -> 
  custom:graphics/normal-map-encoding: 01000000000000000000000000000000 -> 02000000000000000000000000000000
  custom:audio-decoder-ogg-vorbis: bf7c407c2cedff20999df2af8eb42d56 -> 
  custom:audio-encoder-webm-vorbis: bf7c407c2cedff20999df2af8eb42d56 -> 
========================================================================
Received Prepare
Registering precompiled user dll's ...
Registered in 0.013478 seconds.
Begin MonoManager ReloadAssembly
Native extension for WindowsStandalone target not found
Native extension for WebGL target not found
Refreshing native plugins compatible for Editor in 0.64 ms, found 2 plugins.
Preloading 0 native plugins for Editor in 0.00 ms.
Mono: successfully reloaded assembly
- Completed reload, in  1.658 seconds
Domain Reload Profiling:
	ReloadAssembly (1659ms)
		BeginReloadAssembly (172ms)
			ExecutionOrderSort (0ms)
			DisableScriptedObjects (7ms)
			BackupInstance (0ms)
			ReleaseScriptingObjects (0ms)
			CreateAndSetChildDomain (45ms)
		EndReloadAssembly (1373ms)
			LoadAssemblies (153ms)
			RebuildTransferFunctionScriptingTraits (0ms)
			SetupTypeCache (476ms)
			ReleaseScriptCaches (1ms)
			RebuildScriptCaches (70ms)
			SetupLoadedEditorAssemblies (457ms)
				LogAssemblyErrors (0ms)
				InitializePlatformSupportModulesInManaged (8ms)
				SetLoadedEditorAssemblies (1ms)
				RefreshPlugins (1ms)
				BeforeProcessingInitializeOnLoad (126ms)
				ProcessInitializeOnLoadAttributes (304ms)
				ProcessInitializeOnLoadMethodAttributes (9ms)
				AfterProcessingInitializeOnLoad (9ms)
				EditorAssembliesLoaded (0ms)
			ExecutionOrderSort2 (0ms)
			AwakeInstancesAfterBackupRestoration (8ms)
Platform modules already initialized, skipping
Switching build target platform(19) subTarget(0) extendedPlatform(0) -> platform(13) subTarget(537395200) extendedPlatform(0)
Refreshing native plugins compatible for Editor in 0.58 ms, found 2 plugins.
Preloading 0 native plugins for Editor in 0.00 ms.
Unloading 1722 Unused Serialized files (Serialized files now loaded: 0)
System memory in use before: 93.1 MB.
System memory in use after: 93.3 MB.

Unloading 30 unused Assets to reduce memory usage. Loaded Objects now: 2240.
Total: 3.275800 ms (FindLiveObjects: 0.189500 ms CreateObjectMapping: 0.061500 ms MarkObjects: 2.972700 ms  DeleteObjects: 0.051000 ms)

AssetImportParameters requested are different than current active one (requested -> active):
  custom:framework-win-MediaFoundation: 216162199b28c13a410421893ffa2e32 -> 
  custom:video-decoder-ogg-theora: a1e56fd34408186e4bbccfd4996cb3dc -> 
  custom:container-muxer-webm: aa71ff27fc2769a1b78a27578f13a17b -> 
  custom:container-demuxer-webm: 4f35f7cbe854078d1ac9338744f61a02 -> 
  custom:container-demuxer-ogg: 62fdf1f143b41e24485cea50d1cbac27 -> 
  custom:video-encoder-webm-vp8: eb34c28f22e8b96e1ab97ce403110664 -> 
  custom:video-decoder-webm-vp8: 9c59270c3fd7afecdb556c50c9e8de78 -> 
  custom:graphics/normal-map-encoding: 01000000000000000000000000000000 -> 02000000000000000000000000000000
  custom:audio-decoder-ogg-vorbis: bf7c407c2cedff20999df2af8eb42d56 -> 
  custom:audio-encoder-webm-vorbis: bf7c407c2cedff20999df2af8eb42d56 -> 
========================================================================
Received Import Request.
  Time since last request: 132.528194 seconds.
  path: Assets/Prefabs/GamePrefabs/Tiles/BosYol.prefab
  artifactKey: Guid(69a1494d200c97a44b7e6cbeca46dbcd) Importer(815301076,1909f56bfc062723c751e8b465ee728b)
Start importing Assets/Prefabs/GamePrefabs/Tiles/BosYol.prefab using Guid(69a1494d200c97a44b7e6cbeca46dbcd) Importer(815301076,1909f56bfc062723c751e8b465ee728b)  -> (artifact id: 'be1184d8764e3b8ff141711662f03743') in 0.081394 seconds 
  Import took 0.097929 seconds .

========================================================================
Received Import Request.
  Time since last request: 0.000404 seconds.
  path: Assets/Prefabs/GamePrefabs/Tiles/GameTile1.prefab
  artifactKey: Guid(ab636fe7248fa064d93ac4f4b764120b) Importer(815301076,1909f56bfc062723c751e8b465ee728b)
Start importing Assets/Prefabs/GamePrefabs/Tiles/GameTile1.prefab using Guid(ab636fe7248fa064d93ac4f4b764120b) Importer(815301076,1909f56bfc062723c751e8b465ee728b)  -> (artifact id: '79455fdfe0b036da829ff6bef68c58b1') in 0.028875 seconds 
  Import took 0.033294 seconds .

========================================================================
Received Import Request.
  Time since last request: 0.000314 seconds.
  path: Assets/Prefabs/GamePrefabs/Tiles/GameTile7.prefab
  artifactKey: Guid(3a2c4ebf5e862054aadff9fcdae185c1) Importer(815301076,1909f56bfc062723c751e8b465ee728b)
Start importing Assets/Prefabs/GamePrefabs/Tiles/GameTile7.prefab using Guid(3a2c4ebf5e862054aadff9fcdae185c1) Importer(815301076,1909f56bfc062723c751e8b465ee728b)  -> (artifact id: 'e0055978f0c1e7f3855e028660168eb8') in 0.046844 seconds 
  Import took 0.051404 seconds .

========================================================================
Received Import Request.
  Time since last request: 0.000371 seconds.
  path: Assets/Prefabs/GamePrefabs/Tiles/GameTile4.prefab
  artifactKey: Guid(f55efe64ec3bc7b4889440aecd7c2516) Importer(815301076,1909f56bfc062723c751e8b465ee728b)
Start importing Assets/Prefabs/GamePrefabs/Tiles/GameTile4.prefab using Guid(f55efe64ec3bc7b4889440aecd7c2516) Importer(815301076,1909f56bfc062723c751e8b465ee728b)  -> (artifact id: '41cbabd6082f3a9f709b8ffcebc0f696') in 0.032486 seconds 
  Import took 0.037173 seconds .

========================================================================
Received Import Request.
  Time since last request: 0.000391 seconds.
  path: Assets/Prefabs/GamePrefabs/Tiles/GameTile3.prefab
  artifactKey: Guid(b2b7e48978e37fe48a0492783cbe6546) Importer(815301076,1909f56bfc062723c751e8b465ee728b)
Start importing Assets/Prefabs/GamePrefabs/Tiles/GameTile3.prefab using Guid(b2b7e48978e37fe48a0492783cbe6546) Importer(815301076,1909f56bfc062723c751e8b465ee728b)  -> (artifact id: '98d00bcf1e83896a752b1261b9ac228a') in 0.030959 seconds 
  Import took 0.036141 seconds .

========================================================================
Received Import Request.
  Time since last request: 0.000409 seconds.
  path: Assets/Prefabs/GamePrefabs/Tiles/GameTile2.prefab
  artifactKey: Guid(e2bb4f2b7a50b8b4cb78be925ca36422) Importer(815301076,1909f56bfc062723c751e8b465ee728b)
Start importing Assets/Prefabs/GamePrefabs/Tiles/GameTile2.prefab using Guid(e2bb4f2b7a50b8b4cb78be925ca36422) Importer(815301076,1909f56bfc062723c751e8b465ee728b)  -> (artifact id: '170090c98522a2c4f659b31690c74ec9') in 0.031247 seconds 
  Import took 0.036377 seconds .

========================================================================
Received Import Request.
  Time since last request: 0.000408 seconds.
  path: Assets/Prefabs/GamePrefabs/Tiles/GameTile6.prefab
  artifactKey: Guid(4a3cd8950bb2ee74198bb02c9fe601e4) Importer(815301076,1909f56bfc062723c751e8b465ee728b)
Start importing Assets/Prefabs/GamePrefabs/Tiles/GameTile6.prefab using Guid(4a3cd8950bb2ee74198bb02c9fe601e4) Importer(815301076,1909f56bfc062723c751e8b465ee728b)  -> (artifact id: '9dd017476e53fc783b9204fe99c72a80') in 0.037021 seconds 
  Import took 0.042160 seconds .

========================================================================
Received Import Request.
  Time since last request: 0.000336 seconds.
  path: Assets/Prefabs/GamePrefabs/Tiles/GameTile5.prefab
  artifactKey: Guid(35d962339e6fe704d8d78fb3e427e29e) Importer(815301076,1909f56bfc062723c751e8b465ee728b)
Start importing Assets/Prefabs/GamePrefabs/Tiles/GameTile5.prefab using Guid(35d962339e6fe704d8d78fb3e427e29e) Importer(815301076,1909f56bfc062723c751e8b465ee728b)  -> (artifact id: '77113f66a1c72d181f1b39f74fcb68bf') in 0.052473 seconds 
  Import took 0.057885 seconds .

========================================================================
Received Import Request.
  Time since last request: 0.000345 seconds.
  path: Assets/Prefabs/GamePrefabs/Tiles/MainMenuTile.prefab
  artifactKey: Guid(e43c60b80fb1f7c48a42280af15ad2c8) Importer(815301076,1909f56bfc062723c751e8b465ee728b)
Start importing Assets/Prefabs/GamePrefabs/Tiles/MainMenuTile.prefab using Guid(e43c60b80fb1f7c48a42280af15ad2c8) Importer(815301076,1909f56bfc062723c751e8b465ee728b)  -> (artifact id: '40b962444b5f3bce8c6a24453b30984b') in 0.034963 seconds 
  Import took 0.039986 seconds .

========================================================================
Received Import Request.
  Time since last request: 83.937700 seconds.
  path: Assets/Prefabs/GamePrefabs/Grounds/threeLineGround.prefab
  artifactKey: Guid(3ece1903d01c554489e780bab841faac) Importer(815301076,1909f56bfc062723c751e8b465ee728b)
Start importing Assets/Prefabs/GamePrefabs/Grounds/threeLineGround.prefab using Guid(3ece1903d01c554489e780bab841faac) Importer(815301076,1909f56bfc062723c751e8b465ee728b)  -> (artifact id: '253e3d1a7ca01431e690c463868b79aa') in 0.035212 seconds 
  Import took 0.040486 seconds .

========================================================================
Received Prepare
Registering precompiled user dll's ...
Registered in 0.011284 seconds.
Begin MonoManager ReloadAssembly
Native extension for WindowsStandalone target not found
Native extension for WebGL target not found
Refreshing native plugins compatible for Editor in 1.15 ms, found 2 plugins.
Preloading 0 native plugins for Editor in 0.00 ms.
Mono: successfully reloaded assembly
- Completed reload, in  1.894 seconds
Domain Reload Profiling:
	ReloadAssembly (1894ms)
		BeginReloadAssembly (146ms)
			ExecutionOrderSort (0ms)
			DisableScriptedObjects (5ms)
			BackupInstance (0ms)
			ReleaseScriptingObjects (0ms)
			CreateAndSetChildDomain (40ms)
		EndReloadAssembly (1631ms)
			LoadAssemblies (135ms)
			RebuildTransferFunctionScriptingTraits (0ms)
			SetupTypeCache (547ms)
			ReleaseScriptCaches (2ms)
			RebuildScriptCaches (85ms)
			SetupLoadedEditorAssemblies (538ms)
				LogAssemblyErrors (0ms)
				InitializePlatformSupportModulesInManaged (12ms)
				SetLoadedEditorAssemblies (1ms)
				RefreshPlugins (1ms)
				BeforeProcessingInitializeOnLoad (185ms)
				ProcessInitializeOnLoadAttributes (315ms)
				ProcessInitializeOnLoadMethodAttributes (12ms)
				AfterProcessingInitializeOnLoad (11ms)
				EditorAssembliesLoaded (0ms)
			ExecutionOrderSort2 (0ms)
			AwakeInstancesAfterBackupRestoration (13ms)
Platform modules already initialized, skipping
Switching build target platform(19) subTarget(0) extendedPlatform(0) -> platform(13) subTarget(537395200) extendedPlatform(0)
Refreshing native plugins compatible for Editor in 0.54 ms, found 2 plugins.
Preloading 0 native plugins for Editor in 0.00 ms.
Unloading 1722 Unused Serialized files (Serialized files now loaded: 0)
System memory in use before: 93.2 MB.
System memory in use after: 93.3 MB.

Unloading 30 unused Assets to reduce memory usage. Loaded Objects now: 2243.
Total: 3.206700 ms (FindLiveObjects: 0.195900 ms CreateObjectMapping: 0.071200 ms MarkObjects: 2.909700 ms  DeleteObjects: 0.025700 ms)

AssetImportParameters requested are different than current active one (requested -> active):
  custom:framework-win-MediaFoundation: 216162199b28c13a410421893ffa2e32 -> 
  custom:video-decoder-ogg-theora: a1e56fd34408186e4bbccfd4996cb3dc -> 
  custom:container-muxer-webm: aa71ff27fc2769a1b78a27578f13a17b -> 
  custom:container-demuxer-webm: 4f35f7cbe854078d1ac9338744f61a02 -> 
  custom:container-demuxer-ogg: 62fdf1f143b41e24485cea50d1cbac27 -> 
  custom:video-encoder-webm-vp8: eb34c28f22e8b96e1ab97ce403110664 -> 
  custom:video-decoder-webm-vp8: 9c59270c3fd7afecdb556c50c9e8de78 -> 
  custom:graphics/normal-map-encoding: 01000000000000000000000000000000 -> 02000000000000000000000000000000
  custom:audio-decoder-ogg-vorbis: bf7c407c2cedff20999df2af8eb42d56 -> 
  custom:audio-encoder-webm-vorbis: bf7c407c2cedff20999df2af8eb42d56 -> 
========================================================================
Received Prepare
Refreshing native plugins compatible for Editor in 9.02 ms, found 2 plugins.
Preloading 0 native plugins for Editor in 0.00 ms.
Unloading 27 Unused Serialized files (Serialized files now loaded: 0)
System memory in use before: 60.0 MB.
System memory in use after: 60.1 MB.

Unloading 27 unused Assets to reduce memory usage. Loaded Objects now: 2243.
Total: 3.542800 ms (FindLiveObjects: 0.187700 ms CreateObjectMapping: 0.070800 ms MarkObjects: 3.257900 ms  DeleteObjects: 0.025400 ms)

AssetImportParameters requested are different than current active one (requested -> active):
  custom:framework-win-MediaFoundation: 216162199b28c13a410421893ffa2e32 -> 
  custom:video-decoder-ogg-theora: a1e56fd34408186e4bbccfd4996cb3dc -> 
  custom:container-muxer-webm: aa71ff27fc2769a1b78a27578f13a17b -> 
  custom:container-demuxer-webm: 4f35f7cbe854078d1ac9338744f61a02 -> 
  custom:container-demuxer-ogg: 62fdf1f143b41e24485cea50d1cbac27 -> 
  custom:video-encoder-webm-vp8: eb34c28f22e8b96e1ab97ce403110664 -> 
  custom:video-decoder-webm-vp8: 9c59270c3fd7afecdb556c50c9e8de78 -> 
  custom:audio-decoder-ogg-vorbis: bf7c407c2cedff20999df2af8eb42d56 -> 
  custom:audio-encoder-webm-vorbis: bf7c407c2cedff20999df2af8eb42d56 -> 
========================================================================
Received Prepare
Refreshing native plugins compatible for Editor in 10.88 ms, found 2 plugins.
Preloading 0 native plugins for Editor in 0.00 ms.
Unloading 27 Unused Serialized files (Serialized files now loaded: 0)
System memory in use before: 60.0 MB.
System memory in use after: 60.1 MB.

Unloading 27 unused Assets to reduce memory usage. Loaded Objects now: 2243.
Total: 4.038000 ms (FindLiveObjects: 0.214500 ms CreateObjectMapping: 0.064200 ms MarkObjects: 3.728900 ms  DeleteObjects: 0.029000 ms)

AssetImportParameters requested are different than current active one (requested -> active):
  custom:framework-win-MediaFoundation: 216162199b28c13a410421893ffa2e32 -> 
  custom:video-decoder-ogg-theora: a1e56fd34408186e4bbccfd4996cb3dc -> 
  custom:container-muxer-webm: aa71ff27fc2769a1b78a27578f13a17b -> 
  custom:container-demuxer-webm: 4f35f7cbe854078d1ac9338744f61a02 -> 
  custom:container-demuxer-ogg: 62fdf1f143b41e24485cea50d1cbac27 -> 
  custom:video-encoder-webm-vp8: eb34c28f22e8b96e1ab97ce403110664 -> 
  custom:video-decoder-webm-vp8: 9c59270c3fd7afecdb556c50c9e8de78 -> 
  custom:audio-decoder-ogg-vorbis: bf7c407c2cedff20999df2af8eb42d56 -> 
  custom:audio-encoder-webm-vorbis: bf7c407c2cedff20999df2af8eb42d56 -> 
========================================================================
Received Prepare
Refreshing native plugins compatible for Editor in 7.74 ms, found 2 plugins.
Preloading 0 native plugins for Editor in 0.00 ms.
Unloading 27 Unused Serialized files (Serialized files now loaded: 0)
System memory in use before: 60.0 MB.
System memory in use after: 60.1 MB.

Unloading 27 unused Assets to reduce memory usage. Loaded Objects now: 2243.
Total: 3.781300 ms (FindLiveObjects: 0.175300 ms CreateObjectMapping: 0.064900 ms MarkObjects: 3.517700 ms  DeleteObjects: 0.022100 ms)

AssetImportParameters requested are different than current active one (requested -> active):
  custom:framework-win-MediaFoundation: 216162199b28c13a410421893ffa2e32 -> 
  custom:video-decoder-ogg-theora: a1e56fd34408186e4bbccfd4996cb3dc -> 
  custom:container-muxer-webm: aa71ff27fc2769a1b78a27578f13a17b -> 
  custom:container-demuxer-webm: 4f35f7cbe854078d1ac9338744f61a02 -> 
  custom:container-demuxer-ogg: 62fdf1f143b41e24485cea50d1cbac27 -> 
  custom:video-encoder-webm-vp8: eb34c28f22e8b96e1ab97ce403110664 -> 
  custom:video-decoder-webm-vp8: 9c59270c3fd7afecdb556c50c9e8de78 -> 
  custom:audio-decoder-ogg-vorbis: bf7c407c2cedff20999df2af8eb42d56 -> 
  custom:audio-encoder-webm-vorbis: bf7c407c2cedff20999df2af8eb42d56 -> 
