Using pre-set license
Built from '2020.3/staging' branch; Version is '2020.3.23f1 (c5d91304a876) revision 12966163'; Using compiler version '192528614'; Build Type 'Release'
OS: 'Windows 10 Pro; OS build 19044.1415; Version 2009; 64bit' Language: 'tr' Physical Memory: 16268 MB
BatchMode: 1, IsHumanControllingUs: 0, StartBugReporterOnCrash: 0, Is64bit: 1, IsPro: 0

COMMAND LINE ARGUMENTS:
C:\Unity\Hub\Editor\2020.3.23f1\Editor\Unity.exe
-adb2
-batchMode
-noUpm
-name
AssetImportWorker1
-projectPath
C:/Unity/Projects/Run
-logFile
Logs/AssetImportWorker1.log
-srvPort
55636
Successfully changed project path to: C:/Unity/Projects/Run
C:/Unity/Projects/Run
Using Asset Import Pipeline V2.
Refreshing native plugins compatible for Editor in 52.13 ms, found 2 plugins.
Preloading 0 native plugins for Editor in 0.00 ms.
Initialize engine version: 2020.3.23f1 (c5d91304a876)
[Subsystems] Discovering subsystems at path C:/Unity/Hub/Editor/2020.3.23f1/Editor/Data/Resources/UnitySubsystems
[Subsystems] Discovering subsystems at path C:/Unity/Projects/Run/Assets
GfxDevice: creating device client; threaded=0
Direct3D:
    Version:  Direct3D 11.0 [level 11.1]
    Renderer: NVIDIA GeForce GTX 1050 (ID=0x1c8d)
    Vendor:   
    VRAM:     4021 MB
    Driver:   30.0.14.9649
Initialize mono
Mono path[0] = 'C:/Unity/Hub/Editor/2020.3.23f1/Editor/Data/Managed'
Mono path[1] = 'C:/Unity/Hub/Editor/2020.3.23f1/Editor/Data/MonoBleedingEdge/lib/mono/unityjit'
Mono config path = 'C:/Unity/Hub/Editor/2020.3.23f1/Editor/Data/MonoBleedingEdge/etc'
Using monoOptions --debugger-agent=transport=dt_socket,embedding=1,server=y,suspend=n,address=127.0.0.1:56792
Begin MonoManager ReloadAssembly
Registering precompiled unity dll's ...
Register platform support module: C:/Unity/Hub/Editor/2020.3.23f1/Editor/Data/PlaybackEngines/WebGLSupport/UnityEditor.WebGL.Extensions.dll
Register platform support module: C:/Unity/Hub/Editor/2020.3.23f1/Editor/Data/PlaybackEngines/WindowsStandaloneSupport/UnityEditor.WindowsStandalone.Extensions.dll
Registered in 0.002778 seconds.
Native extension for WindowsStandalone target not found
Native extension for WebGL target not found
Refreshing native plugins compatible for Editor in 43.21 ms, found 2 plugins.
Preloading 0 native plugins for Editor in 0.00 ms.
Mono: successfully reloaded assembly
- Completed reload, in  0.657 seconds
Domain Reload Profiling:
	ReloadAssembly (658ms)
		BeginReloadAssembly (68ms)
			ExecutionOrderSort (0ms)
			DisableScriptedObjects (0ms)
			BackupInstance (0ms)
			ReleaseScriptingObjects (0ms)
			CreateAndSetChildDomain (1ms)
		EndReloadAssembly (503ms)
			LoadAssemblies (66ms)
			RebuildTransferFunctionScriptingTraits (0ms)
			SetupTypeCache (161ms)
			ReleaseScriptCaches (0ms)
			RebuildScriptCaches (33ms)
			SetupLoadedEditorAssemblies (188ms)
				LogAssemblyErrors (0ms)
				InitializePlatformSupportModulesInManaged (5ms)
				SetLoadedEditorAssemblies (0ms)
				RefreshPlugins (43ms)
				BeforeProcessingInitializeOnLoad (14ms)
				ProcessInitializeOnLoadAttributes (92ms)
				ProcessInitializeOnLoadMethodAttributes (33ms)
				AfterProcessingInitializeOnLoad (0ms)
				EditorAssembliesLoaded (0ms)
			ExecutionOrderSort2 (0ms)
			AwakeInstancesAfterBackupRestoration (0ms)
Platform modules already initialized, skipping
Registering precompiled user dll's ...
Registered in 0.011427 seconds.
Begin MonoManager ReloadAssembly
Native extension for WindowsStandalone target not found
Native extension for WebGL target not found
Refreshing native plugins compatible for Editor in 43.81 ms, found 2 plugins.
Preloading 0 native plugins for Editor in 0.00 ms.
Mono: successfully reloaded assembly
- Completed reload, in  1.237 seconds
Domain Reload Profiling:
	ReloadAssembly (1238ms)
		BeginReloadAssembly (162ms)
			ExecutionOrderSort (0ms)
			DisableScriptedObjects (5ms)
			BackupInstance (0ms)
			ReleaseScriptingObjects (0ms)
			CreateAndSetChildDomain (21ms)
		EndReloadAssembly (1000ms)
			LoadAssemblies (99ms)
			RebuildTransferFunctionScriptingTraits (0ms)
			SetupTypeCache (309ms)
			ReleaseScriptCaches (0ms)
			RebuildScriptCaches (52ms)
			SetupLoadedEditorAssemblies (342ms)
				LogAssemblyErrors (0ms)
				InitializePlatformSupportModulesInManaged (4ms)
				SetLoadedEditorAssemblies (0ms)
				RefreshPlugins (44ms)
				BeforeProcessingInitializeOnLoad (77ms)
				ProcessInitializeOnLoadAttributes (201ms)
				ProcessInitializeOnLoadMethodAttributes (8ms)
				AfterProcessingInitializeOnLoad (8ms)
				EditorAssembliesLoaded (0ms)
			ExecutionOrderSort2 (0ms)
			AwakeInstancesAfterBackupRestoration (7ms)
Platform modules already initialized, skipping
========================================================================
Worker process is ready to serve import requests
Launched and connected shader compiler UnityShaderCompiler.exe after 0.06 seconds
Refreshing native plugins compatible for Editor in 0.96 ms, found 2 plugins.
Preloading 0 native plugins for Editor in 0.00 ms.
Unloading 1728 Unused Serialized files (Serialized files now loaded: 0)
System memory in use before: 89.0 MB.
System memory in use after: 89.1 MB.

Unloading 34 unused Assets to reduce memory usage. Loaded Objects now: 2177.
Total: 3.541000 ms (FindLiveObjects: 0.181500 ms CreateObjectMapping: 0.053100 ms MarkObjects: 3.221400 ms  DeleteObjects: 0.083800 ms)

AssetImportParameters requested are different than current active one (requested -> active):
  custom:framework-win-MediaFoundation: 216162199b28c13a410421893ffa2e32 -> 
  custom:video-decoder-ogg-theora: a1e56fd34408186e4bbccfd4996cb3dc -> 
  custom:container-muxer-webm: aa71ff27fc2769a1b78a27578f13a17b -> 
  custom:container-demuxer-webm: 4f35f7cbe854078d1ac9338744f61a02 -> 
  custom:container-demuxer-ogg: 62fdf1f143b41e24485cea50d1cbac27 -> 
  custom:video-encoder-webm-vp8: eb34c28f22e8b96e1ab97ce403110664 -> 
  custom:video-decoder-webm-vp8: 9c59270c3fd7afecdb556c50c9e8de78 -> 
  custom:audio-decoder-ogg-vorbis: bf7c407c2cedff20999df2af8eb42d56 -> 
  custom:audio-encoder-webm-vorbis: bf7c407c2cedff20999df2af8eb42d56 -> 
========================================================================
Received Import Request.
  path: Assets/Prefabs/GamePrefabs/Grounds/threeLineGround.prefab
  artifactKey: Guid(3ece1903d01c554489e780bab841faac) Importer(815301076,1909f56bfc062723c751e8b465ee728b)
Start importing Assets/Prefabs/GamePrefabs/Grounds/threeLineGround.prefab using Guid(3ece1903d01c554489e780bab841faac) Importer(815301076,1909f56bfc062723c751e8b465ee728b)  -> (artifact id: '93b046f782a3b5720ba0f8a4add5799e') in 0.126729 seconds 
  Import took 0.130288 seconds .

========================================================================
Received Import Request.
  Time since last request: 2.699860 seconds.
  path: Assets/Prefabs/GamePrefabs/Grounds/threeLineGround.prefab
  artifactKey: Guid(3ece1903d01c554489e780bab841faac) Importer(815301076,1909f56bfc062723c751e8b465ee728b)
Start importing Assets/Prefabs/GamePrefabs/Grounds/threeLineGround.prefab using Guid(3ece1903d01c554489e780bab841faac) Importer(815301076,1909f56bfc062723c751e8b465ee728b)  -> (artifact id: '476ba6ca5b240f5990f88aa4ebfd6c05') in 0.018095 seconds 
  Import took 0.022465 seconds .

========================================================================
Received Import Request.
  Time since last request: 7.189049 seconds.
  path: Assets/Prefabs/GamePrefabs/Tiles/BosYol.prefab
  artifactKey: Guid(69a1494d200c97a44b7e6cbeca46dbcd) Importer(815301076,1909f56bfc062723c751e8b465ee728b)
Start importing Assets/Prefabs/GamePrefabs/Tiles/BosYol.prefab using Guid(69a1494d200c97a44b7e6cbeca46dbcd) Importer(815301076,1909f56bfc062723c751e8b465ee728b)  -> (artifact id: '66997f056d5acefacdba51b900fab056') in 0.024326 seconds 
  Import took 0.038990 seconds .

========================================================================
Received Import Request.
  Time since last request: 0.000364 seconds.
  path: Assets/Prefabs/GamePrefabs/Tiles/GameTile1.prefab
  artifactKey: Guid(ab636fe7248fa064d93ac4f4b764120b) Importer(815301076,1909f56bfc062723c751e8b465ee728b)
Start importing Assets/Prefabs/GamePrefabs/Tiles/GameTile1.prefab using Guid(ab636fe7248fa064d93ac4f4b764120b) Importer(815301076,1909f56bfc062723c751e8b465ee728b)  -> (artifact id: '030db28ec7e272a0be1ac24022397c4b') in 0.028342 seconds 
  Import took 0.033144 seconds .

========================================================================
Received Import Request.
  Time since last request: 0.000603 seconds.
  path: Assets/Prefabs/GamePrefabs/Tiles/GameTile7.prefab
  artifactKey: Guid(3a2c4ebf5e862054aadff9fcdae185c1) Importer(815301076,1909f56bfc062723c751e8b465ee728b)
Start importing Assets/Prefabs/GamePrefabs/Tiles/GameTile7.prefab using Guid(3a2c4ebf5e862054aadff9fcdae185c1) Importer(815301076,1909f56bfc062723c751e8b465ee728b)  -> (artifact id: '38887944f95e907e9a28c6ca8732111f') in 0.048326 seconds 
  Import took 0.052683 seconds .

========================================================================
Received Import Request.
  Time since last request: 0.000304 seconds.
  path: Assets/Prefabs/GamePrefabs/Tiles/GameTile4.prefab
  artifactKey: Guid(f55efe64ec3bc7b4889440aecd7c2516) Importer(815301076,1909f56bfc062723c751e8b465ee728b)
Start importing Assets/Prefabs/GamePrefabs/Tiles/GameTile4.prefab using Guid(f55efe64ec3bc7b4889440aecd7c2516) Importer(815301076,1909f56bfc062723c751e8b465ee728b)  -> (artifact id: '25e0cb7147f5533ed9af086e89bc8cdb') in 0.026016 seconds 
  Import took 0.030760 seconds .

========================================================================
Received Import Request.
  Time since last request: 0.000340 seconds.
  path: Assets/Prefabs/GamePrefabs/Tiles/GameTile3.prefab
  artifactKey: Guid(b2b7e48978e37fe48a0492783cbe6546) Importer(815301076,1909f56bfc062723c751e8b465ee728b)
Start importing Assets/Prefabs/GamePrefabs/Tiles/GameTile3.prefab using Guid(b2b7e48978e37fe48a0492783cbe6546) Importer(815301076,1909f56bfc062723c751e8b465ee728b)  -> (artifact id: '12b5f16fac59f7a95c83a7c5af67b15b') in 0.023776 seconds 
  Import took 0.028424 seconds .

========================================================================
Received Import Request.
  Time since last request: 0.000332 seconds.
  path: Assets/Prefabs/GamePrefabs/Tiles/GameTile2.prefab
  artifactKey: Guid(e2bb4f2b7a50b8b4cb78be925ca36422) Importer(815301076,1909f56bfc062723c751e8b465ee728b)
Start importing Assets/Prefabs/GamePrefabs/Tiles/GameTile2.prefab using Guid(e2bb4f2b7a50b8b4cb78be925ca36422) Importer(815301076,1909f56bfc062723c751e8b465ee728b)  -> (artifact id: '99634a64b84aee3180cf904047cffde8') in 0.023339 seconds 
  Import took 0.027912 seconds .

========================================================================
Received Import Request.
  Time since last request: 0.000313 seconds.
  path: Assets/Prefabs/GamePrefabs/Tiles/GameTile6.prefab
  artifactKey: Guid(4a3cd8950bb2ee74198bb02c9fe601e4) Importer(815301076,1909f56bfc062723c751e8b465ee728b)
Start importing Assets/Prefabs/GamePrefabs/Tiles/GameTile6.prefab using Guid(4a3cd8950bb2ee74198bb02c9fe601e4) Importer(815301076,1909f56bfc062723c751e8b465ee728b)  -> (artifact id: 'c6aba96aa69947c2acd68f1519f47c49') in 0.024485 seconds 
  Import took 0.028861 seconds .

========================================================================
Received Import Request.
  Time since last request: 0.000357 seconds.
  path: Assets/Prefabs/GamePrefabs/Tiles/GameTile5.prefab
  artifactKey: Guid(35d962339e6fe704d8d78fb3e427e29e) Importer(815301076,1909f56bfc062723c751e8b465ee728b)
Start importing Assets/Prefabs/GamePrefabs/Tiles/GameTile5.prefab using Guid(35d962339e6fe704d8d78fb3e427e29e) Importer(815301076,1909f56bfc062723c751e8b465ee728b)  -> (artifact id: '380fabb1d1872e13dea8a4e5eca7bd21') in 0.040576 seconds 
  Import took 0.045218 seconds .

========================================================================
Received Import Request.
  Time since last request: 0.000356 seconds.
  path: Assets/Prefabs/GamePrefabs/Tiles/MainMenuTile.prefab
  artifactKey: Guid(e43c60b80fb1f7c48a42280af15ad2c8) Importer(815301076,1909f56bfc062723c751e8b465ee728b)
Start importing Assets/Prefabs/GamePrefabs/Tiles/MainMenuTile.prefab using Guid(e43c60b80fb1f7c48a42280af15ad2c8) Importer(815301076,1909f56bfc062723c751e8b465ee728b)  -> (artifact id: '20adc93214612bf3c159dafd2d54d3c3') in 0.024697 seconds 
  Import took 0.028962 seconds .

========================================================================
Received Import Request.
  Time since last request: 18.173939 seconds.
  path: Assets/Prefabs/GamePrefabs/Grounds/threeLineGround.prefab
  artifactKey: Guid(3ece1903d01c554489e780bab841faac) Importer(815301076,1909f56bfc062723c751e8b465ee728b)
Start importing Assets/Prefabs/GamePrefabs/Grounds/threeLineGround.prefab using Guid(3ece1903d01c554489e780bab841faac) Importer(815301076,1909f56bfc062723c751e8b465ee728b)  -> (artifact id: 'b4cb5c091216d84eb8b4eba81533fa00') in 0.017592 seconds 
  Import took 0.021739 seconds .

========================================================================
Received Import Request.
  Time since last request: 6.821521 seconds.
  path: Assets/Prefabs/GamePrefabs/Grounds/threeLineGround.prefab
  artifactKey: Guid(3ece1903d01c554489e780bab841faac) Importer(815301076,1909f56bfc062723c751e8b465ee728b)
Start importing Assets/Prefabs/GamePrefabs/Grounds/threeLineGround.prefab using Guid(3ece1903d01c554489e780bab841faac) Importer(815301076,1909f56bfc062723c751e8b465ee728b)  -> (artifact id: '6c03757f413c94eb5813962ed8cf8494') in 0.020165 seconds 
  Import took 0.023852 seconds .

========================================================================
Received Import Request.
  Time since last request: 5.318900 seconds.
  path: Assets/Prefabs/GamePrefabs/Grounds/threeLineGround.prefab
  artifactKey: Guid(3ece1903d01c554489e780bab841faac) Importer(815301076,1909f56bfc062723c751e8b465ee728b)
Start importing Assets/Prefabs/GamePrefabs/Grounds/threeLineGround.prefab using Guid(3ece1903d01c554489e780bab841faac) Importer(815301076,1909f56bfc062723c751e8b465ee728b)  -> (artifact id: '7d52fc58d5d2ba9dc525d7ea92874aab') in 0.019640 seconds 
  Import took 0.024008 seconds .

========================================================================
Received Import Request.
  Time since last request: 4.311555 seconds.
  path: Assets/Prefabs/GamePrefabs/Grounds/threeLineGround.prefab
  artifactKey: Guid(3ece1903d01c554489e780bab841faac) Importer(815301076,1909f56bfc062723c751e8b465ee728b)
Start importing Assets/Prefabs/GamePrefabs/Grounds/threeLineGround.prefab using Guid(3ece1903d01c554489e780bab841faac) Importer(815301076,1909f56bfc062723c751e8b465ee728b)  -> (artifact id: '39a7e009e8934a6a08f56f095daaa0ab') in 0.022199 seconds 
  Import took 0.026926 seconds .

========================================================================
Received Import Request.
  Time since last request: 6.843829 seconds.
  path: Assets/Prefabs/GamePrefabs/Grounds/threeLineGround.prefab
  artifactKey: Guid(3ece1903d01c554489e780bab841faac) Importer(815301076,1909f56bfc062723c751e8b465ee728b)
Start importing Assets/Prefabs/GamePrefabs/Grounds/threeLineGround.prefab using Guid(3ece1903d01c554489e780bab841faac) Importer(815301076,1909f56bfc062723c751e8b465ee728b)  -> (artifact id: '8589272aa55fb6e6368fb035ade503e2') in 0.022149 seconds 
  Import took 0.025897 seconds .

========================================================================
Received Import Request.
  Time since last request: 1.883912 seconds.
  path: Assets/Prefabs/GamePrefabs/Grounds/threeLineGround.prefab
  artifactKey: Guid(3ece1903d01c554489e780bab841faac) Importer(815301076,1909f56bfc062723c751e8b465ee728b)
Start importing Assets/Prefabs/GamePrefabs/Grounds/threeLineGround.prefab using Guid(3ece1903d01c554489e780bab841faac) Importer(815301076,1909f56bfc062723c751e8b465ee728b)  -> (artifact id: 'c45bb451a1bcd7cb6500af1b193109ee') in 0.020536 seconds 
  Import took 0.025030 seconds .

========================================================================
Received Import Request.
  Time since last request: 8.582168 seconds.
  path: Assets/Prefabs/GamePrefabs/Grounds/threeLineGround.prefab
  artifactKey: Guid(3ece1903d01c554489e780bab841faac) Importer(815301076,1909f56bfc062723c751e8b465ee728b)
Start importing Assets/Prefabs/GamePrefabs/Grounds/threeLineGround.prefab using Guid(3ece1903d01c554489e780bab841faac) Importer(815301076,1909f56bfc062723c751e8b465ee728b)  -> (artifact id: '71aff3296f8e1d94da74c10965d6ff39') in 0.021051 seconds 
  Import took 0.025453 seconds .

========================================================================
Received Import Request.
  Time since last request: 2.925260 seconds.
  path: Assets/Prefabs/GamePrefabs/Grounds/threeLineGround.prefab
  artifactKey: Guid(3ece1903d01c554489e780bab841faac) Importer(815301076,1909f56bfc062723c751e8b465ee728b)
Start importing Assets/Prefabs/GamePrefabs/Grounds/threeLineGround.prefab using Guid(3ece1903d01c554489e780bab841faac) Importer(815301076,1909f56bfc062723c751e8b465ee728b)  -> (artifact id: 'a7997872bb31a5c5a3cd774a1fcaa032') in 0.020114 seconds 
  Import took 0.024873 seconds .

========================================================================
Received Import Request.
  Time since last request: 5.550174 seconds.
  path: Assets/Prefabs/GamePrefabs/Grounds/threeLineGround.prefab
  artifactKey: Guid(3ece1903d01c554489e780bab841faac) Importer(815301076,1909f56bfc062723c751e8b465ee728b)
Start importing Assets/Prefabs/GamePrefabs/Grounds/threeLineGround.prefab using Guid(3ece1903d01c554489e780bab841faac) Importer(815301076,1909f56bfc062723c751e8b465ee728b)  -> (artifact id: '0ab46bca9e09f69a48a2a6b0d2f7ab6f') in 0.020445 seconds 
  Import took 0.025063 seconds .

========================================================================
Received Import Request.
  Time since last request: 4.349850 seconds.
  path: Assets/Prefabs/GamePrefabs/Grounds/threeLineGround.prefab
  artifactKey: Guid(3ece1903d01c554489e780bab841faac) Importer(815301076,1909f56bfc062723c751e8b465ee728b)
Start importing Assets/Prefabs/GamePrefabs/Grounds/threeLineGround.prefab using Guid(3ece1903d01c554489e780bab841faac) Importer(815301076,1909f56bfc062723c751e8b465ee728b)  -> (artifact id: 'd1f934bbf8d307712ba0db84e2096113') in 0.023480 seconds 
  Import took 0.028319 seconds .

========================================================================
Received Import Request.
  Time since last request: 6.348715 seconds.
  path: Assets/Prefabs/GamePrefabs/Grounds/threeLineGround.prefab
  artifactKey: Guid(3ece1903d01c554489e780bab841faac) Importer(815301076,1909f56bfc062723c751e8b465ee728b)
Start importing Assets/Prefabs/GamePrefabs/Grounds/threeLineGround.prefab using Guid(3ece1903d01c554489e780bab841faac) Importer(815301076,1909f56bfc062723c751e8b465ee728b)  -> (artifact id: 'afbdae1d54f394620d020159aa8832ae') in 0.021377 seconds 
  Import took 0.026303 seconds .

========================================================================
Received Import Request.
  Time since last request: 13.846333 seconds.
  path: Assets/Prefabs/GamePrefabs/Grounds/threeLineGround.prefab
  artifactKey: Guid(3ece1903d01c554489e780bab841faac) Importer(815301076,1909f56bfc062723c751e8b465ee728b)
Start importing Assets/Prefabs/GamePrefabs/Grounds/threeLineGround.prefab using Guid(3ece1903d01c554489e780bab841faac) Importer(815301076,1909f56bfc062723c751e8b465ee728b)  -> (artifact id: '2e222a22fe8e499d6599267e100067dd') in 0.022840 seconds 
  Import took 0.028680 seconds .

========================================================================
Received Import Request.
  Time since last request: 2.721888 seconds.
  path: Assets/Prefabs/GamePrefabs/Grounds/threeLineGround.prefab
  artifactKey: Guid(3ece1903d01c554489e780bab841faac) Importer(815301076,1909f56bfc062723c751e8b465ee728b)
Start importing Assets/Prefabs/GamePrefabs/Grounds/threeLineGround.prefab using Guid(3ece1903d01c554489e780bab841faac) Importer(815301076,1909f56bfc062723c751e8b465ee728b)  -> (artifact id: 'e1e1f7e9e854defffc8ae3646970b06e') in 0.020684 seconds 
  Import took 0.025378 seconds .

========================================================================
Received Import Request.
  Time since last request: 4.321721 seconds.
  path: Assets/Prefabs/GamePrefabs/Grounds/threeLineGround.prefab
  artifactKey: Guid(3ece1903d01c554489e780bab841faac) Importer(815301076,1909f56bfc062723c751e8b465ee728b)
Start importing Assets/Prefabs/GamePrefabs/Grounds/threeLineGround.prefab using Guid(3ece1903d01c554489e780bab841faac) Importer(815301076,1909f56bfc062723c751e8b465ee728b)  -> (artifact id: 'b4c7b844f4bbb309b64e464f9687ed2c') in 0.019042 seconds 
  Import took 0.023131 seconds .

========================================================================
Received Import Request.
  Time since last request: 2.648265 seconds.
  path: Assets/Prefabs/GamePrefabs/Grounds/threeLineGround.prefab
  artifactKey: Guid(3ece1903d01c554489e780bab841faac) Importer(815301076,1909f56bfc062723c751e8b465ee728b)
Start importing Assets/Prefabs/GamePrefabs/Grounds/threeLineGround.prefab using Guid(3ece1903d01c554489e780bab841faac) Importer(815301076,1909f56bfc062723c751e8b465ee728b)  -> (artifact id: 'b35312c43eabf5ed1f2b7d5f9d97af6d') in 0.022323 seconds 
  Import took 0.026936 seconds .

========================================================================
Received Import Request.
  Time since last request: 2.691491 seconds.
  path: Assets/Prefabs/GamePrefabs/Grounds/threeLineGround.prefab
  artifactKey: Guid(3ece1903d01c554489e780bab841faac) Importer(815301076,1909f56bfc062723c751e8b465ee728b)
Start importing Assets/Prefabs/GamePrefabs/Grounds/threeLineGround.prefab using Guid(3ece1903d01c554489e780bab841faac) Importer(815301076,1909f56bfc062723c751e8b465ee728b)  -> (artifact id: 'ca0abd30af4c8b9f6ad77fc1bc8ee7b9') in 0.024224 seconds 
  Import took 0.029474 seconds .

========================================================================
Received Import Request.
  Time since last request: 23.124280 seconds.
  path: Assets/Prefabs/GamePrefabs/Grounds/threeLineGround.prefab
  artifactKey: Guid(3ece1903d01c554489e780bab841faac) Importer(815301076,1909f56bfc062723c751e8b465ee728b)
Start importing Assets/Prefabs/GamePrefabs/Grounds/threeLineGround.prefab using Guid(3ece1903d01c554489e780bab841faac) Importer(815301076,1909f56bfc062723c751e8b465ee728b)  -> (artifact id: '61cd3e978451701d47105f10e7bf25a8') in 0.030583 seconds 
  Import took 0.035232 seconds .

========================================================================
Received Import Request.
  Time since last request: 5.937304 seconds.
  path: Assets/Prefabs/GamePrefabs/Grounds/threeLineGround.prefab
  artifactKey: Guid(3ece1903d01c554489e780bab841faac) Importer(815301076,1909f56bfc062723c751e8b465ee728b)
Start importing Assets/Prefabs/GamePrefabs/Grounds/threeLineGround.prefab using Guid(3ece1903d01c554489e780bab841faac) Importer(815301076,1909f56bfc062723c751e8b465ee728b)  -> (artifact id: 'f56e60c829e31a8736f6e77910a3ce57') in 0.026022 seconds 
  Import took 0.030825 seconds .

========================================================================
Received Import Request.
  Time since last request: 5.331866 seconds.
  path: Assets/Prefabs/GamePrefabs/Grounds/threeLineGround.prefab
  artifactKey: Guid(3ece1903d01c554489e780bab841faac) Importer(815301076,1909f56bfc062723c751e8b465ee728b)
Start importing Assets/Prefabs/GamePrefabs/Grounds/threeLineGround.prefab using Guid(3ece1903d01c554489e780bab841faac) Importer(815301076,1909f56bfc062723c751e8b465ee728b)  -> (artifact id: '58e635a9895efd408f22e0daa6c38e76') in 0.020963 seconds 
  Import took 0.026461 seconds .

========================================================================
Received Import Request.
  Time since last request: 3.129838 seconds.
  path: Assets/Prefabs/GamePrefabs/Grounds/threeLineGround.prefab
  artifactKey: Guid(3ece1903d01c554489e780bab841faac) Importer(815301076,1909f56bfc062723c751e8b465ee728b)
Start importing Assets/Prefabs/GamePrefabs/Grounds/threeLineGround.prefab using Guid(3ece1903d01c554489e780bab841faac) Importer(815301076,1909f56bfc062723c751e8b465ee728b)  -> (artifact id: '0e638c4cbb80f45a4f86c2c4ca31dc42') in 0.038420 seconds 
  Import took 0.043616 seconds .

========================================================================
Received Import Request.
  Time since last request: 12.375389 seconds.
  path: Assets/Prefabs/GamePrefabs/Grounds/threeLineGround.prefab
  artifactKey: Guid(3ece1903d01c554489e780bab841faac) Importer(815301076,1909f56bfc062723c751e8b465ee728b)
Start importing Assets/Prefabs/GamePrefabs/Grounds/threeLineGround.prefab using Guid(3ece1903d01c554489e780bab841faac) Importer(815301076,1909f56bfc062723c751e8b465ee728b)  -> (artifact id: '34cf1bc306e5824aa1538cf832103a73') in 0.020684 seconds 
  Import took 0.025674 seconds .

========================================================================
Received Import Request.
  Time since last request: 2.913769 seconds.
  path: Assets/Prefabs/GamePrefabs/Grounds/threeLineGround.prefab
  artifactKey: Guid(3ece1903d01c554489e780bab841faac) Importer(815301076,1909f56bfc062723c751e8b465ee728b)
Start importing Assets/Prefabs/GamePrefabs/Grounds/threeLineGround.prefab using Guid(3ece1903d01c554489e780bab841faac) Importer(815301076,1909f56bfc062723c751e8b465ee728b)  -> (artifact id: 'ea2880f8f891eb207c5c285ed03a8318') in 0.022575 seconds 
  Import took 0.027509 seconds .

========================================================================
Received Import Request.
  Time since last request: 8.142107 seconds.
  path: Assets/Prefabs/GamePrefabs/Grounds/threeLineGround.prefab
  artifactKey: Guid(3ece1903d01c554489e780bab841faac) Importer(815301076,1909f56bfc062723c751e8b465ee728b)
Start importing Assets/Prefabs/GamePrefabs/Grounds/threeLineGround.prefab using Guid(3ece1903d01c554489e780bab841faac) Importer(815301076,1909f56bfc062723c751e8b465ee728b)  -> (artifact id: '95dc35cfa8b7a7535c61522da619fd5d') in 0.022350 seconds 
  Import took 0.027276 seconds .

========================================================================
Received Import Request.
  Time since last request: 5.169699 seconds.
  path: Assets/Prefabs/GamePrefabs/Grounds/threeLineGround.prefab
  artifactKey: Guid(3ece1903d01c554489e780bab841faac) Importer(815301076,1909f56bfc062723c751e8b465ee728b)
Start importing Assets/Prefabs/GamePrefabs/Grounds/threeLineGround.prefab using Guid(3ece1903d01c554489e780bab841faac) Importer(815301076,1909f56bfc062723c751e8b465ee728b)  -> (artifact id: '79bb8ecb1adc7e39b02985ddcf924780') in 0.020596 seconds 
  Import took 0.025670 seconds .

========================================================================
Received Import Request.
  Time since last request: 9.940198 seconds.
  path: Assets/Prefabs/GamePrefabs/Grounds/threeLineGround.prefab
  artifactKey: Guid(3ece1903d01c554489e780bab841faac) Importer(815301076,1909f56bfc062723c751e8b465ee728b)
Start importing Assets/Prefabs/GamePrefabs/Grounds/threeLineGround.prefab using Guid(3ece1903d01c554489e780bab841faac) Importer(815301076,1909f56bfc062723c751e8b465ee728b)  -> (artifact id: '3340b4c609f581b9df81995a732c9bc0') in 0.021322 seconds 
  Import took 0.025489 seconds .

========================================================================
Received Import Request.
  Time since last request: 4.368241 seconds.
  path: Assets/Prefabs/GamePrefabs/Grounds/threeLineGround.prefab
  artifactKey: Guid(3ece1903d01c554489e780bab841faac) Importer(815301076,1909f56bfc062723c751e8b465ee728b)
Start importing Assets/Prefabs/GamePrefabs/Grounds/threeLineGround.prefab using Guid(3ece1903d01c554489e780bab841faac) Importer(815301076,1909f56bfc062723c751e8b465ee728b)  -> (artifact id: 'acf96afc12e377bfb920e2ac4a0f5214') in 0.042338 seconds 
  Import took 0.046886 seconds .

========================================================================
Received Import Request.
  Time since last request: 23.239371 seconds.
  path: Assets/Prefabs/GamePrefabs/Tiles/BosYol.prefab
  artifactKey: Guid(69a1494d200c97a44b7e6cbeca46dbcd) Importer(815301076,1909f56bfc062723c751e8b465ee728b)
Start importing Assets/Prefabs/GamePrefabs/Tiles/BosYol.prefab using Guid(69a1494d200c97a44b7e6cbeca46dbcd) Importer(815301076,1909f56bfc062723c751e8b465ee728b)  -> (artifact id: '0c6d2778c2764b5b126c4d948961cd1f') in 0.022588 seconds 
  Import took 0.028037 seconds .

========================================================================
Received Import Request.
  Time since last request: 0.000338 seconds.
  path: Assets/Prefabs/GamePrefabs/Tiles/GameTile1.prefab
  artifactKey: Guid(ab636fe7248fa064d93ac4f4b764120b) Importer(815301076,1909f56bfc062723c751e8b465ee728b)
Start importing Assets/Prefabs/GamePrefabs/Tiles/GameTile1.prefab using Guid(ab636fe7248fa064d93ac4f4b764120b) Importer(815301076,1909f56bfc062723c751e8b465ee728b)  -> (artifact id: '2275ed243fb444ffb0c92d5a87b4061b') in 0.026437 seconds 
  Import took 0.030181 seconds .

========================================================================
Received Import Request.
  Time since last request: 0.000331 seconds.
  path: Assets/Prefabs/GamePrefabs/Tiles/GameTile7.prefab
  artifactKey: Guid(3a2c4ebf5e862054aadff9fcdae185c1) Importer(815301076,1909f56bfc062723c751e8b465ee728b)
Start importing Assets/Prefabs/GamePrefabs/Tiles/GameTile7.prefab using Guid(3a2c4ebf5e862054aadff9fcdae185c1) Importer(815301076,1909f56bfc062723c751e8b465ee728b)  -> (artifact id: 'a4760577386e7fdeba4992f5dc8958af') in 0.077292 seconds 
  Import took 0.080844 seconds .

========================================================================
Received Import Request.
  Time since last request: 0.000336 seconds.
  path: Assets/Prefabs/GamePrefabs/Tiles/GameTile4.prefab
  artifactKey: Guid(f55efe64ec3bc7b4889440aecd7c2516) Importer(815301076,1909f56bfc062723c751e8b465ee728b)
Start importing Assets/Prefabs/GamePrefabs/Tiles/GameTile4.prefab using Guid(f55efe64ec3bc7b4889440aecd7c2516) Importer(815301076,1909f56bfc062723c751e8b465ee728b)  -> (artifact id: 'eac972f119eb71e285dd90bc24983122') in 0.028009 seconds 
  Import took 0.031857 seconds .

========================================================================
Received Import Request.
  Time since last request: 0.000331 seconds.
  path: Assets/Prefabs/GamePrefabs/Tiles/GameTile3.prefab
  artifactKey: Guid(b2b7e48978e37fe48a0492783cbe6546) Importer(815301076,1909f56bfc062723c751e8b465ee728b)
Start importing Assets/Prefabs/GamePrefabs/Tiles/GameTile3.prefab using Guid(b2b7e48978e37fe48a0492783cbe6546) Importer(815301076,1909f56bfc062723c751e8b465ee728b)  -> (artifact id: 'c50c757926921c17e02e55a5ba8f233e') in 0.026852 seconds 
  Import took 0.030500 seconds .

========================================================================
Received Import Request.
  Time since last request: 0.000304 seconds.
  path: Assets/Prefabs/GamePrefabs/Tiles/GameTile2.prefab
  artifactKey: Guid(e2bb4f2b7a50b8b4cb78be925ca36422) Importer(815301076,1909f56bfc062723c751e8b465ee728b)
Start importing Assets/Prefabs/GamePrefabs/Tiles/GameTile2.prefab using Guid(e2bb4f2b7a50b8b4cb78be925ca36422) Importer(815301076,1909f56bfc062723c751e8b465ee728b)  -> (artifact id: '0def9e8dfa5e14c920d049f253764280') in 0.025188 seconds 
  Import took 0.028969 seconds .

========================================================================
Received Import Request.
  Time since last request: 0.000344 seconds.
  path: Assets/Prefabs/GamePrefabs/Tiles/GameTile6.prefab
  artifactKey: Guid(4a3cd8950bb2ee74198bb02c9fe601e4) Importer(815301076,1909f56bfc062723c751e8b465ee728b)
Start importing Assets/Prefabs/GamePrefabs/Tiles/GameTile6.prefab using Guid(4a3cd8950bb2ee74198bb02c9fe601e4) Importer(815301076,1909f56bfc062723c751e8b465ee728b)  -> (artifact id: 'de49fbe6748c38523668e4d61e552ea2') in 0.026591 seconds 
  Import took 0.031180 seconds .

========================================================================
Received Import Request.
  Time since last request: 0.000359 seconds.
  path: Assets/Prefabs/GamePrefabs/Tiles/GameTile5.prefab
  artifactKey: Guid(35d962339e6fe704d8d78fb3e427e29e) Importer(815301076,1909f56bfc062723c751e8b465ee728b)
Start importing Assets/Prefabs/GamePrefabs/Tiles/GameTile5.prefab using Guid(35d962339e6fe704d8d78fb3e427e29e) Importer(815301076,1909f56bfc062723c751e8b465ee728b)  -> (artifact id: '0f6325a097fa5178e9bedd0417c15bc7') in 0.039198 seconds 
  Import took 0.043032 seconds .

========================================================================
Received Import Request.
  Time since last request: 0.000302 seconds.
  path: Assets/Prefabs/GamePrefabs/Tiles/MainMenuTile.prefab
  artifactKey: Guid(e43c60b80fb1f7c48a42280af15ad2c8) Importer(815301076,1909f56bfc062723c751e8b465ee728b)
Start importing Assets/Prefabs/GamePrefabs/Tiles/MainMenuTile.prefab using Guid(e43c60b80fb1f7c48a42280af15ad2c8) Importer(815301076,1909f56bfc062723c751e8b465ee728b)  -> (artifact id: '8b41c81beade59339d8cf320fd4477d3') in 0.025484 seconds 
  Import took 0.029083 seconds .

========================================================================
Received Prepare
Registering precompiled user dll's ...
Registered in 0.012508 seconds.
Begin MonoManager ReloadAssembly
Native extension for WindowsStandalone target not found
Native extension for WebGL target not found
Refreshing native plugins compatible for Editor in 0.84 ms, found 2 plugins.
Preloading 0 native plugins for Editor in 0.00 ms.
Mono: successfully reloaded assembly
- Completed reload, in  1.436 seconds
Domain Reload Profiling:
	ReloadAssembly (1436ms)
		BeginReloadAssembly (119ms)
			ExecutionOrderSort (0ms)
			DisableScriptedObjects (5ms)
			BackupInstance (0ms)
			ReleaseScriptingObjects (0ms)
			CreateAndSetChildDomain (37ms)
		EndReloadAssembly (1228ms)
			LoadAssemblies (119ms)
			RebuildTransferFunctionScriptingTraits (0ms)
			SetupTypeCache (367ms)
			ReleaseScriptCaches (1ms)
			RebuildScriptCaches (65ms)
			SetupLoadedEditorAssemblies (500ms)
				LogAssemblyErrors (0ms)
				InitializePlatformSupportModulesInManaged (8ms)
				SetLoadedEditorAssemblies (1ms)
				RefreshPlugins (1ms)
				BeforeProcessingInitializeOnLoad (132ms)
				ProcessInitializeOnLoadAttributes (335ms)
				ProcessInitializeOnLoadMethodAttributes (12ms)
				AfterProcessingInitializeOnLoad (11ms)
				EditorAssembliesLoaded (0ms)
			ExecutionOrderSort2 (0ms)
			AwakeInstancesAfterBackupRestoration (10ms)
Platform modules already initialized, skipping
Switching build target platform(19) subTarget(0) extendedPlatform(0) -> platform(13) subTarget(537395200) extendedPlatform(0)
Refreshing native plugins compatible for Editor in 0.99 ms, found 2 plugins.
Preloading 0 native plugins for Editor in 0.00 ms.
Unloading 1722 Unused Serialized files (Serialized files now loaded: 0)
System memory in use before: 92.7 MB.
System memory in use after: 92.8 MB.

Unloading 30 unused Assets to reduce memory usage. Loaded Objects now: 2188.
Total: 3.637200 ms (FindLiveObjects: 0.228300 ms CreateObjectMapping: 0.097200 ms MarkObjects: 3.282000 ms  DeleteObjects: 0.028300 ms)

AssetImportParameters requested are different than current active one (requested -> active):
  custom:framework-win-MediaFoundation: 216162199b28c13a410421893ffa2e32 -> 
  custom:video-decoder-ogg-theora: a1e56fd34408186e4bbccfd4996cb3dc -> 
  custom:container-muxer-webm: aa71ff27fc2769a1b78a27578f13a17b -> 
  custom:container-demuxer-webm: 4f35f7cbe854078d1ac9338744f61a02 -> 
  custom:container-demuxer-ogg: 62fdf1f143b41e24485cea50d1cbac27 -> 
  custom:video-encoder-webm-vp8: eb34c28f22e8b96e1ab97ce403110664 -> 
  custom:video-decoder-webm-vp8: 9c59270c3fd7afecdb556c50c9e8de78 -> 
  custom:graphics/normal-map-encoding: 01000000000000000000000000000000 -> 02000000000000000000000000000000
  custom:audio-decoder-ogg-vorbis: bf7c407c2cedff20999df2af8eb42d56 -> 
  custom:audio-encoder-webm-vorbis: bf7c407c2cedff20999df2af8eb42d56 -> 
========================================================================
Received Import Request.
  Time since last request: 20.134186 seconds.
  path: Assets/Prefabs/GamePrefabs/Tiles/BosYol.prefab
  artifactKey: Guid(69a1494d200c97a44b7e6cbeca46dbcd) Importer(815301076,1909f56bfc062723c751e8b465ee728b)
Start importing Assets/Prefabs/GamePrefabs/Tiles/BosYol.prefab using Guid(69a1494d200c97a44b7e6cbeca46dbcd) Importer(815301076,1909f56bfc062723c751e8b465ee728b)  -> (artifact id: 'a65179bd329a40ac9b2b5b6f34b6b0a1') in 0.094033 seconds 
  Import took 0.099423 seconds .

========================================================================
Received Import Request.
  Time since last request: 11.788131 seconds.
  path: Assets/Prefabs/GamePrefabs/Tiles/BosYol.prefab
  artifactKey: Guid(69a1494d200c97a44b7e6cbeca46dbcd) Importer(815301076,1909f56bfc062723c751e8b465ee728b)
Start importing Assets/Prefabs/GamePrefabs/Tiles/BosYol.prefab using Guid(69a1494d200c97a44b7e6cbeca46dbcd) Importer(815301076,1909f56bfc062723c751e8b465ee728b)  -> (artifact id: 'd095b020b09c21362a491b414a2bd88f') in 0.029211 seconds 
  Import took 0.033424 seconds .

========================================================================
Received Import Request.
  Time since last request: 16.269343 seconds.
  path: Assets/Materials/Tree
  artifactKey: Guid(b651e745123c93945aec9b49b429189c) Importer(815301076,1909f56bfc062723c751e8b465ee728b)
Start importing Assets/Materials/Tree using Guid(b651e745123c93945aec9b49b429189c) Importer(815301076,1909f56bfc062723c751e8b465ee728b)  -> (artifact id: '3199f98bdc0a421f416198be7ac0ea7c') in 0.003065 seconds 
  Import took 0.006947 seconds .

========================================================================
Received Import Request.
  Time since last request: 23.233693 seconds.
  path: Assets/Materials/Ground
  artifactKey: Guid(49f9afc5d8e91be46981aabd41ab8579) Importer(815301076,1909f56bfc062723c751e8b465ee728b)
Start importing Assets/Materials/Ground using Guid(49f9afc5d8e91be46981aabd41ab8579) Importer(815301076,1909f56bfc062723c751e8b465ee728b)  -> (artifact id: '93567274dc4487cab1d08a146e0f7f08') in 0.003029 seconds 
  Import took 0.006540 seconds .

========================================================================
Received Import Request.
  Time since last request: 35.118532 seconds.
  path: Assets/Prefabs/GamePrefabs/Tiles/BosYol.prefab
  artifactKey: Guid(69a1494d200c97a44b7e6cbeca46dbcd) Importer(815301076,1909f56bfc062723c751e8b465ee728b)
Start importing Assets/Prefabs/GamePrefabs/Tiles/BosYol.prefab using Guid(69a1494d200c97a44b7e6cbeca46dbcd) Importer(815301076,1909f56bfc062723c751e8b465ee728b)  -> (artifact id: '6a339d51c16fb82a2bb47dd08d417d0d') in 0.031293 seconds 
  Import took 0.035709 seconds .

========================================================================
Received Import Request.
  Time since last request: 344.367852 seconds.
  path: Assets/Textures/TreeRed.tga
  artifactKey: Guid(ee09e537e25afec4793e39f825d42e9e) Importer(815301076,1909f56bfc062723c751e8b465ee728b)
Start importing Assets/Textures/TreeRed.tga using Guid(ee09e537e25afec4793e39f825d42e9e) Importer(815301076,1909f56bfc062723c751e8b465ee728b)  -> (artifact id: '785b391c101c57b29c8241a95e0e4c64') in 0.024735 seconds 
  Import took 0.030961 seconds .

========================================================================
Received Import Request.
  Time since last request: 13.641676 seconds.
  path: Assets/Materials/Tree/TreeRed.mat
  artifactKey: Guid(1bc1fbb7ff4cde74c9e6fe30c64887e7) Importer(815301076,1909f56bfc062723c751e8b465ee728b)
Start importing Assets/Materials/Tree/TreeRed.mat using Guid(1bc1fbb7ff4cde74c9e6fe30c64887e7) Importer(815301076,1909f56bfc062723c751e8b465ee728b)  -> (artifact id: '115facb954593ba25a250de59f6ff6ae') in 0.036598 seconds 
  Import took 0.040342 seconds .

========================================================================
Received Import Request.
  Time since last request: 54.741005 seconds.
  path: Assets/Materials/Tree/TreePink.tga
  artifactKey: Guid(ee09e537e25afec4793e39f825d42e9e) Importer(815301076,1909f56bfc062723c751e8b465ee728b)
Start importing Assets/Materials/Tree/TreePink.tga using Guid(ee09e537e25afec4793e39f825d42e9e) Importer(815301076,1909f56bfc062723c751e8b465ee728b)  -> (artifact id: '7b9533acbe63f36dc38b650beb5c28eb') in 0.011051 seconds 
  Import took 0.016776 seconds .

========================================================================
Received Import Request.
  Time since last request: 36.414625 seconds.
  path: Assets/Materials/Tree/TreeRed.tga
  artifactKey: Guid(7c6c974797d39e54a803967ad5ccdbc9) Importer(815301076,1909f56bfc062723c751e8b465ee728b)
Start importing Assets/Materials/Tree/TreeRed.tga using Guid(7c6c974797d39e54a803967ad5ccdbc9) Importer(815301076,1909f56bfc062723c751e8b465ee728b)  -> (artifact id: '8f76672d94e59a45d9a5c23df4777bdd') in 0.008548 seconds 
  Import took 0.012308 seconds .

========================================================================
Received Import Request.
  Time since last request: 1.625093 seconds.
  path: Assets/Materials/Tree/TreeRed 1.mat
  artifactKey: Guid(c32f49d64f975ba4d9a389f1aa519142) Importer(815301076,1909f56bfc062723c751e8b465ee728b)
Start importing Assets/Materials/Tree/TreeRed 1.mat using Guid(c32f49d64f975ba4d9a389f1aa519142) Importer(815301076,1909f56bfc062723c751e8b465ee728b)  -> (artifact id: '12e900e6b4e3f426a8070884e61bdfa5') in 0.016248 seconds 
  Import took 0.019795 seconds .

========================================================================
Received Import Request.
  Time since last request: 0.000392 seconds.
  path: Assets/Materials/Tree/TreeRed.mat
  artifactKey: Guid(1bc1fbb7ff4cde74c9e6fe30c64887e7) Importer(815301076,1909f56bfc062723c751e8b465ee728b)
Start importing Assets/Materials/Tree/TreeRed.mat using Guid(1bc1fbb7ff4cde74c9e6fe30c64887e7) Importer(815301076,1909f56bfc062723c751e8b465ee728b)  -> (artifact id: 'eb450dbdf8583fbde9bc5a1f71a4c339') in 0.013342 seconds 
  Import took 0.017919 seconds .

========================================================================
Received Import Request.
  Time since last request: 154.062198 seconds.
  path: Assets/Textures/TreeBrown.tga
  artifactKey: Guid(1d80da9f141079f4a9a2921ed4cc7e9d) Importer(815301076,1909f56bfc062723c751e8b465ee728b)
Start importing Assets/Textures/TreeBrown.tga using Guid(1d80da9f141079f4a9a2921ed4cc7e9d) Importer(815301076,1909f56bfc062723c751e8b465ee728b)  -> (artifact id: 'dcaa7f4eabd07147fc29de920975b320') in 0.013390 seconds 
  Import took 0.018899 seconds .

========================================================================
Received Import Request.
  Time since last request: 0.000381 seconds.
  path: Assets/Textures/TreePurple.tga
  artifactKey: Guid(294b92e9102b07d458c24031d356a18e) Importer(815301076,1909f56bfc062723c751e8b465ee728b)
Start importing Assets/Textures/TreePurple.tga using Guid(294b92e9102b07d458c24031d356a18e) Importer(815301076,1909f56bfc062723c751e8b465ee728b)  -> (artifact id: '9c8e9c7ff3306d3d8407ab08d252caeb') in 0.010718 seconds 
  Import took 0.015406 seconds .

========================================================================
Received Import Request.
  Time since last request: 0.000359 seconds.
  path: Assets/Textures/TreeOrange.tga
  artifactKey: Guid(ee61dd25f15f4534d8a1ba53842cca04) Importer(815301076,1909f56bfc062723c751e8b465ee728b)
Start importing Assets/Textures/TreeOrange.tga using Guid(ee61dd25f15f4534d8a1ba53842cca04) Importer(815301076,1909f56bfc062723c751e8b465ee728b)  -> (artifact id: '8ccac5c41dfb928b5c1b3879c5f94435') in 0.012056 seconds 
  Import took 0.016215 seconds .

========================================================================
Received Import Request.
  Time since last request: 108.541528 seconds.
  path: Assets/Materials/Tree/TreePink.mat
  artifactKey: Guid(1bc1fbb7ff4cde74c9e6fe30c64887e7) Importer(815301076,1909f56bfc062723c751e8b465ee728b)
Start importing Assets/Materials/Tree/TreePink.mat using Guid(1bc1fbb7ff4cde74c9e6fe30c64887e7) Importer(815301076,1909f56bfc062723c751e8b465ee728b)  -> (artifact id: '5bb2bd2b7bd401243d07db5ccf4d045f') in 0.019126 seconds 
  Import took 0.022662 seconds .

========================================================================
Received Import Request.
  Time since last request: 2.440997 seconds.
  path: Assets/Materials/Tree/TreeRed.mat
  artifactKey: Guid(c32f49d64f975ba4d9a389f1aa519142) Importer(815301076,1909f56bfc062723c751e8b465ee728b)
Start importing Assets/Materials/Tree/TreeRed.mat using Guid(c32f49d64f975ba4d9a389f1aa519142) Importer(815301076,1909f56bfc062723c751e8b465ee728b)  -> (artifact id: '0b4939ff8285566c6c2994d3f824cfe1') in 0.014420 seconds 
  Import took 0.018279 seconds .

========================================================================
Received Import Request.
  Time since last request: 30.567912 seconds.
  path: Assets/Prefabs/GamePrefabs/Tiles/BosYol.prefab
  artifactKey: Guid(69a1494d200c97a44b7e6cbeca46dbcd) Importer(815301076,1909f56bfc062723c751e8b465ee728b)
Start importing Assets/Prefabs/GamePrefabs/Tiles/BosYol.prefab using Guid(69a1494d200c97a44b7e6cbeca46dbcd) Importer(815301076,1909f56bfc062723c751e8b465ee728b)  -> (artifact id: 'dd25cae0b56565058be5712960f23d1d') in 0.035778 seconds 
  Import took 0.040204 seconds .

========================================================================
Received Import Request.
  Time since last request: 26.081468 seconds.
  path: Assets/Prefabs/GamePrefabs/Tiles/BosYol.prefab
  artifactKey: Guid(69a1494d200c97a44b7e6cbeca46dbcd) Importer(815301076,1909f56bfc062723c751e8b465ee728b)
Start importing Assets/Prefabs/GamePrefabs/Tiles/BosYol.prefab using Guid(69a1494d200c97a44b7e6cbeca46dbcd) Importer(815301076,1909f56bfc062723c751e8b465ee728b)  -> (artifact id: '12313d7a35cdf0607da0b57cfcab0297') in 0.032677 seconds 
  Import took 0.037142 seconds .

========================================================================
Received Import Request.
  Time since last request: 0.000341 seconds.
  path: Assets/Prefabs/GamePrefabs/Tiles/GameTile1.prefab
  artifactKey: Guid(ab636fe7248fa064d93ac4f4b764120b) Importer(815301076,1909f56bfc062723c751e8b465ee728b)
Start importing Assets/Prefabs/GamePrefabs/Tiles/GameTile1.prefab using Guid(ab636fe7248fa064d93ac4f4b764120b) Importer(815301076,1909f56bfc062723c751e8b465ee728b)  -> (artifact id: '17a71d81227a58bead619d1d3ef1e557') in 0.031421 seconds 
  Import took 0.036195 seconds .

========================================================================
Received Import Request.
  Time since last request: 0.000381 seconds.
  path: Assets/Prefabs/GamePrefabs/Tiles/GameTile7.prefab
  artifactKey: Guid(3a2c4ebf5e862054aadff9fcdae185c1) Importer(815301076,1909f56bfc062723c751e8b465ee728b)
Start importing Assets/Prefabs/GamePrefabs/Tiles/GameTile7.prefab using Guid(3a2c4ebf5e862054aadff9fcdae185c1) Importer(815301076,1909f56bfc062723c751e8b465ee728b)  -> (artifact id: '7d36025e738b22c37c8dfed1e1acd22d') in 0.054972 seconds 
  Import took 0.060712 seconds .

========================================================================
Received Import Request.
  Time since last request: 0.000385 seconds.
  path: Assets/Prefabs/GamePrefabs/Tiles/GameTile4.prefab
  artifactKey: Guid(f55efe64ec3bc7b4889440aecd7c2516) Importer(815301076,1909f56bfc062723c751e8b465ee728b)
Start importing Assets/Prefabs/GamePrefabs/Tiles/GameTile4.prefab using Guid(f55efe64ec3bc7b4889440aecd7c2516) Importer(815301076,1909f56bfc062723c751e8b465ee728b)  -> (artifact id: '873f1f5ccb96597a159928f828724116') in 0.033682 seconds 
  Import took 0.038026 seconds .

========================================================================
Received Import Request.
  Time since last request: 0.000347 seconds.
  path: Assets/Prefabs/GamePrefabs/Tiles/GameTile3.prefab
  artifactKey: Guid(b2b7e48978e37fe48a0492783cbe6546) Importer(815301076,1909f56bfc062723c751e8b465ee728b)
Start importing Assets/Prefabs/GamePrefabs/Tiles/GameTile3.prefab using Guid(b2b7e48978e37fe48a0492783cbe6546) Importer(815301076,1909f56bfc062723c751e8b465ee728b)  -> (artifact id: '7c9b6b0d1d686df4b6c0c3bf11d79219') in 0.032660 seconds 
  Import took 0.036565 seconds .

========================================================================
Received Import Request.
  Time since last request: 0.000288 seconds.
  path: Assets/Prefabs/GamePrefabs/Tiles/GameTile2.prefab
  artifactKey: Guid(e2bb4f2b7a50b8b4cb78be925ca36422) Importer(815301076,1909f56bfc062723c751e8b465ee728b)
Start importing Assets/Prefabs/GamePrefabs/Tiles/GameTile2.prefab using Guid(e2bb4f2b7a50b8b4cb78be925ca36422) Importer(815301076,1909f56bfc062723c751e8b465ee728b)  -> (artifact id: 'ab25535745012b3b026d54e8b375a7e3') in 0.032440 seconds 
  Import took 0.037497 seconds .

========================================================================
Received Import Request.
  Time since last request: 0.000349 seconds.
  path: Assets/Prefabs/GamePrefabs/Tiles/GameTile6.prefab
  artifactKey: Guid(4a3cd8950bb2ee74198bb02c9fe601e4) Importer(815301076,1909f56bfc062723c751e8b465ee728b)
Start importing Assets/Prefabs/GamePrefabs/Tiles/GameTile6.prefab using Guid(4a3cd8950bb2ee74198bb02c9fe601e4) Importer(815301076,1909f56bfc062723c751e8b465ee728b)  -> (artifact id: '3313061dc9d031b07f8222df70d366ae') in 0.032741 seconds 
  Import took 0.037040 seconds .

========================================================================
Received Import Request.
  Time since last request: 0.000358 seconds.
  path: Assets/Prefabs/GamePrefabs/Tiles/GameTile5.prefab
  artifactKey: Guid(35d962339e6fe704d8d78fb3e427e29e) Importer(815301076,1909f56bfc062723c751e8b465ee728b)
Start importing Assets/Prefabs/GamePrefabs/Tiles/GameTile5.prefab using Guid(35d962339e6fe704d8d78fb3e427e29e) Importer(815301076,1909f56bfc062723c751e8b465ee728b)  -> (artifact id: '4d7f99fff4887429df40072001bfc122') in 0.049447 seconds 
  Import took 0.053221 seconds .

========================================================================
Received Import Request.
  Time since last request: 0.000341 seconds.
  path: Assets/Prefabs/GamePrefabs/Tiles/MainMenuTile.prefab
  artifactKey: Guid(e43c60b80fb1f7c48a42280af15ad2c8) Importer(815301076,1909f56bfc062723c751e8b465ee728b)
Start importing Assets/Prefabs/GamePrefabs/Tiles/MainMenuTile.prefab using Guid(e43c60b80fb1f7c48a42280af15ad2c8) Importer(815301076,1909f56bfc062723c751e8b465ee728b)  -> (artifact id: 'bba9824df4e0831dabe7f79e2ffc376d') in 0.035458 seconds 
  Import took 0.040132 seconds .

========================================================================
Received Import Request.
  Time since last request: 23.529755 seconds.
  path: Assets/Prefabs/GamePrefabs/Grounds/threeLineGround.prefab
  artifactKey: Guid(3ece1903d01c554489e780bab841faac) Importer(815301076,1909f56bfc062723c751e8b465ee728b)
Start importing Assets/Prefabs/GamePrefabs/Grounds/threeLineGround.prefab using Guid(3ece1903d01c554489e780bab841faac) Importer(815301076,1909f56bfc062723c751e8b465ee728b)  -> (artifact id: '798800e4d65de536b5f547379e6c0c50') in 0.021953 seconds 
  Import took 0.026687 seconds .

========================================================================
Received Prepare
Registering precompiled user dll's ...
Registered in 0.010665 seconds.
Begin MonoManager ReloadAssembly
Native extension for WindowsStandalone target not found
Native extension for WebGL target not found
Refreshing native plugins compatible for Editor in 0.58 ms, found 2 plugins.
Preloading 0 native plugins for Editor in 0.00 ms.
Mono: successfully reloaded assembly
- Completed reload, in  1.192 seconds
Domain Reload Profiling:
	ReloadAssembly (1192ms)
		BeginReloadAssembly (133ms)
			ExecutionOrderSort (0ms)
			DisableScriptedObjects (4ms)
			BackupInstance (0ms)
			ReleaseScriptingObjects (0ms)
			CreateAndSetChildDomain (40ms)
		EndReloadAssembly (982ms)
			LoadAssemblies (104ms)
			RebuildTransferFunctionScriptingTraits (0ms)
			SetupTypeCache (327ms)
			ReleaseScriptCaches (1ms)
			RebuildScriptCaches (46ms)
			SetupLoadedEditorAssemblies (375ms)
				LogAssemblyErrors (0ms)
				InitializePlatformSupportModulesInManaged (6ms)
				SetLoadedEditorAssemblies (1ms)
				RefreshPlugins (1ms)
				BeforeProcessingInitializeOnLoad (106ms)
				ProcessInitializeOnLoadAttributes (245ms)
				ProcessInitializeOnLoadMethodAttributes (8ms)
				AfterProcessingInitializeOnLoad (8ms)
				EditorAssembliesLoaded (0ms)
			ExecutionOrderSort2 (0ms)
			AwakeInstancesAfterBackupRestoration (7ms)
Platform modules already initialized, skipping
Switching build target platform(19) subTarget(0) extendedPlatform(0) -> platform(13) subTarget(537395200) extendedPlatform(0)
Refreshing native plugins compatible for Editor in 0.54 ms, found 2 plugins.
Preloading 0 native plugins for Editor in 0.00 ms.
Unloading 1722 Unused Serialized files (Serialized files now loaded: 0)
System memory in use before: 93.4 MB.
System memory in use after: 93.6 MB.

Unloading 30 unused Assets to reduce memory usage. Loaded Objects now: 2226.
Total: 3.022500 ms (FindLiveObjects: 0.185400 ms CreateObjectMapping: 0.056500 ms MarkObjects: 2.758700 ms  DeleteObjects: 0.021000 ms)

AssetImportParameters requested are different than current active one (requested -> active):
  custom:framework-win-MediaFoundation: 216162199b28c13a410421893ffa2e32 -> 
  custom:video-decoder-ogg-theora: a1e56fd34408186e4bbccfd4996cb3dc -> 
  custom:container-muxer-webm: aa71ff27fc2769a1b78a27578f13a17b -> 
  custom:container-demuxer-webm: 4f35f7cbe854078d1ac9338744f61a02 -> 
  custom:container-demuxer-ogg: 62fdf1f143b41e24485cea50d1cbac27 -> 
  custom:video-encoder-webm-vp8: eb34c28f22e8b96e1ab97ce403110664 -> 
  custom:video-decoder-webm-vp8: 9c59270c3fd7afecdb556c50c9e8de78 -> 
  custom:graphics/normal-map-encoding: 01000000000000000000000000000000 -> 02000000000000000000000000000000
  custom:audio-decoder-ogg-vorbis: bf7c407c2cedff20999df2af8eb42d56 -> 
  custom:audio-encoder-webm-vorbis: bf7c407c2cedff20999df2af8eb42d56 -> 
========================================================================
Received Prepare
Refreshing native plugins compatible for Editor in 10.58 ms, found 2 plugins.
Preloading 0 native plugins for Editor in 0.00 ms.
Unloading 27 Unused Serialized files (Serialized files now loaded: 0)
System memory in use before: 60.2 MB.
System memory in use after: 60.3 MB.

Unloading 27 unused Assets to reduce memory usage. Loaded Objects now: 2226.
Total: 5.155700 ms (FindLiveObjects: 0.269400 ms CreateObjectMapping: 0.107200 ms MarkObjects: 4.681400 ms  DeleteObjects: 0.096500 ms)

AssetImportParameters requested are different than current active one (requested -> active):
  custom:framework-win-MediaFoundation: 216162199b28c13a410421893ffa2e32 -> 
  custom:video-decoder-ogg-theora: a1e56fd34408186e4bbccfd4996cb3dc -> 
  custom:container-muxer-webm: aa71ff27fc2769a1b78a27578f13a17b -> 
  custom:container-demuxer-webm: 4f35f7cbe854078d1ac9338744f61a02 -> 
  custom:container-demuxer-ogg: 62fdf1f143b41e24485cea50d1cbac27 -> 
  custom:video-encoder-webm-vp8: eb34c28f22e8b96e1ab97ce403110664 -> 
  custom:video-decoder-webm-vp8: 9c59270c3fd7afecdb556c50c9e8de78 -> 
  custom:audio-decoder-ogg-vorbis: bf7c407c2cedff20999df2af8eb42d56 -> 
  custom:audio-encoder-webm-vorbis: bf7c407c2cedff20999df2af8eb42d56 -> 
========================================================================
Received Prepare
Refreshing native plugins compatible for Editor in 14.58 ms, found 2 plugins.
Preloading 0 native plugins for Editor in 0.00 ms.
Unloading 27 Unused Serialized files (Serialized files now loaded: 0)
System memory in use before: 60.2 MB.
System memory in use after: 60.3 MB.

Unloading 27 unused Assets to reduce memory usage. Loaded Objects now: 2226.
Total: 4.573100 ms (FindLiveObjects: 0.202100 ms CreateObjectMapping: 0.059400 ms MarkObjects: 4.260500 ms  DeleteObjects: 0.049600 ms)

AssetImportParameters requested are different than current active one (requested -> active):
  custom:framework-win-MediaFoundation: 216162199b28c13a410421893ffa2e32 -> 
  custom:video-decoder-ogg-theora: a1e56fd34408186e4bbccfd4996cb3dc -> 
  custom:container-muxer-webm: aa71ff27fc2769a1b78a27578f13a17b -> 
  custom:container-demuxer-webm: 4f35f7cbe854078d1ac9338744f61a02 -> 
  custom:container-demuxer-ogg: 62fdf1f143b41e24485cea50d1cbac27 -> 
  custom:video-encoder-webm-vp8: eb34c28f22e8b96e1ab97ce403110664 -> 
  custom:video-decoder-webm-vp8: 9c59270c3fd7afecdb556c50c9e8de78 -> 
  custom:audio-decoder-ogg-vorbis: bf7c407c2cedff20999df2af8eb42d56 -> 
  custom:audio-encoder-webm-vorbis: bf7c407c2cedff20999df2af8eb42d56 -> 
========================================================================
Received Import Request.
  Time since last request: 1756.155110 seconds.
  path: Assets/Prefabs/GamePrefabs/Grounds/threeLineGround.prefab
  artifactKey: Guid(3ece1903d01c554489e780bab841faac) Importer(815301076,1909f56bfc062723c751e8b465ee728b)
Start importing Assets/Prefabs/GamePrefabs/Grounds/threeLineGround.prefab using Guid(3ece1903d01c554489e780bab841faac) Importer(815301076,1909f56bfc062723c751e8b465ee728b)  -> (artifact id: 'cfc4911a845c3ed081b06c52fa2ce176') in 0.089167 seconds 
  Import took 0.093812 seconds .

========================================================================
Received Import Request.
  Time since last request: 2.576872 seconds.
  path: Assets/Prefabs/GamePrefabs/Tiles/BosYol.prefab
  artifactKey: Guid(69a1494d200c97a44b7e6cbeca46dbcd) Importer(815301076,1909f56bfc062723c751e8b465ee728b)
Start importing Assets/Prefabs/GamePrefabs/Tiles/BosYol.prefab using Guid(69a1494d200c97a44b7e6cbeca46dbcd) Importer(815301076,1909f56bfc062723c751e8b465ee728b)  -> (artifact id: 'e6456540d8621615f011021c1d0f7c46') in 0.031401 seconds 
  Import took 0.035604 seconds .

========================================================================
Received Import Request.
  Time since last request: 0.000310 seconds.
  path: Assets/Prefabs/GamePrefabs/Tiles/GameTile1.prefab
  artifactKey: Guid(ab636fe7248fa064d93ac4f4b764120b) Importer(815301076,1909f56bfc062723c751e8b465ee728b)
Start importing Assets/Prefabs/GamePrefabs/Tiles/GameTile1.prefab using Guid(ab636fe7248fa064d93ac4f4b764120b) Importer(815301076,1909f56bfc062723c751e8b465ee728b)  -> (artifact id: '32126633b2be3db2a01b4f486f1e47cc') in 0.033674 seconds 
  Import took 0.048534 seconds .

========================================================================
Received Import Request.
  Time since last request: 0.000420 seconds.
  path: Assets/Prefabs/GamePrefabs/Tiles/GameTile7.prefab
  artifactKey: Guid(3a2c4ebf5e862054aadff9fcdae185c1) Importer(815301076,1909f56bfc062723c751e8b465ee728b)
Start importing Assets/Prefabs/GamePrefabs/Tiles/GameTile7.prefab using Guid(3a2c4ebf5e862054aadff9fcdae185c1) Importer(815301076,1909f56bfc062723c751e8b465ee728b)  -> (artifact id: '5722c353a478328503913f080f08d1ee') in 0.080699 seconds 
  Import took 0.085720 seconds .

========================================================================
Received Import Request.
  Time since last request: 0.000375 seconds.
  path: Assets/Prefabs/GamePrefabs/Tiles/GameTile4.prefab
  artifactKey: Guid(f55efe64ec3bc7b4889440aecd7c2516) Importer(815301076,1909f56bfc062723c751e8b465ee728b)
Start importing Assets/Prefabs/GamePrefabs/Tiles/GameTile4.prefab using Guid(f55efe64ec3bc7b4889440aecd7c2516) Importer(815301076,1909f56bfc062723c751e8b465ee728b)  -> (artifact id: '1ab80da381081245880a775b2c154942') in 0.035928 seconds 
  Import took 0.039613 seconds .

========================================================================
Received Import Request.
  Time since last request: 0.000366 seconds.
  path: Assets/Prefabs/GamePrefabs/Tiles/GameTile3.prefab
  artifactKey: Guid(b2b7e48978e37fe48a0492783cbe6546) Importer(815301076,1909f56bfc062723c751e8b465ee728b)
Start importing Assets/Prefabs/GamePrefabs/Tiles/GameTile3.prefab using Guid(b2b7e48978e37fe48a0492783cbe6546) Importer(815301076,1909f56bfc062723c751e8b465ee728b)  -> (artifact id: '66741532d05da2716b544ddbd6956e7f') in 0.030750 seconds 
  Import took 0.034460 seconds .

========================================================================
Received Import Request.
  Time since last request: 0.000288 seconds.
  path: Assets/Prefabs/GamePrefabs/Tiles/GameTile2.prefab
  artifactKey: Guid(e2bb4f2b7a50b8b4cb78be925ca36422) Importer(815301076,1909f56bfc062723c751e8b465ee728b)
Start importing Assets/Prefabs/GamePrefabs/Tiles/GameTile2.prefab using Guid(e2bb4f2b7a50b8b4cb78be925ca36422) Importer(815301076,1909f56bfc062723c751e8b465ee728b)  -> (artifact id: '23c2a339ef81a517cab7fd8f24592190') in 0.029285 seconds 
  Import took 0.033121 seconds .

========================================================================
Received Import Request.
  Time since last request: 0.000355 seconds.
  path: Assets/Prefabs/GamePrefabs/Tiles/GameTile6.prefab
  artifactKey: Guid(4a3cd8950bb2ee74198bb02c9fe601e4) Importer(815301076,1909f56bfc062723c751e8b465ee728b)
Start importing Assets/Prefabs/GamePrefabs/Tiles/GameTile6.prefab using Guid(4a3cd8950bb2ee74198bb02c9fe601e4) Importer(815301076,1909f56bfc062723c751e8b465ee728b)  -> (artifact id: 'cb2dd3c70d7cca7b69186dcdd38555d1') in 0.029687 seconds 
  Import took 0.045373 seconds .

========================================================================
Received Import Request.
  Time since last request: 0.000328 seconds.
  path: Assets/Prefabs/GamePrefabs/Tiles/GameTile5.prefab
  artifactKey: Guid(35d962339e6fe704d8d78fb3e427e29e) Importer(815301076,1909f56bfc062723c751e8b465ee728b)
Start importing Assets/Prefabs/GamePrefabs/Tiles/GameTile5.prefab using Guid(35d962339e6fe704d8d78fb3e427e29e) Importer(815301076,1909f56bfc062723c751e8b465ee728b)  -> (artifact id: '58babf32e66246d3ce6e648dd930266b') in 0.049219 seconds 
  Import took 0.053366 seconds .

========================================================================
Received Import Request.
  Time since last request: 0.000356 seconds.
  path: Assets/Prefabs/GamePrefabs/Tiles/MainMenuTile.prefab
  artifactKey: Guid(e43c60b80fb1f7c48a42280af15ad2c8) Importer(815301076,1909f56bfc062723c751e8b465ee728b)
Start importing Assets/Prefabs/GamePrefabs/Tiles/MainMenuTile.prefab using Guid(e43c60b80fb1f7c48a42280af15ad2c8) Importer(815301076,1909f56bfc062723c751e8b465ee728b)  -> (artifact id: 'dd851dfeab4b40bac9d3906c2f69c5f3') in 0.031422 seconds 
  Import took 0.035524 seconds .

========================================================================
Received Prepare
Registering precompiled user dll's ...
Registered in 0.013565 seconds.
Begin MonoManager ReloadAssembly
Native extension for WindowsStandalone target not found
Native extension for WebGL target not found
Refreshing native plugins compatible for Editor in 0.56 ms, found 2 plugins.
Preloading 0 native plugins for Editor in 0.00 ms.
Mono: successfully reloaded assembly
- Completed reload, in  1.242 seconds
Domain Reload Profiling:
	ReloadAssembly (1243ms)
		BeginReloadAssembly (134ms)
			ExecutionOrderSort (0ms)
			DisableScriptedObjects (6ms)
			BackupInstance (0ms)
			ReleaseScriptingObjects (0ms)
			CreateAndSetChildDomain (36ms)
		EndReloadAssembly (1019ms)
			LoadAssemblies (113ms)
			RebuildTransferFunctionScriptingTraits (0ms)
			SetupTypeCache (337ms)
			ReleaseScriptCaches (1ms)
			RebuildScriptCaches (46ms)
			SetupLoadedEditorAssemblies (386ms)
				LogAssemblyErrors (0ms)
				InitializePlatformSupportModulesInManaged (6ms)
				SetLoadedEditorAssemblies (1ms)
				RefreshPlugins (1ms)
				BeforeProcessingInitializeOnLoad (99ms)
				ProcessInitializeOnLoadAttributes (263ms)
				ProcessInitializeOnLoadMethodAttributes (8ms)
				AfterProcessingInitializeOnLoad (8ms)
				EditorAssembliesLoaded (0ms)
			ExecutionOrderSort2 (0ms)
			AwakeInstancesAfterBackupRestoration (7ms)
Platform modules already initialized, skipping
Switching build target platform(19) subTarget(0) extendedPlatform(0) -> platform(13) subTarget(537395200) extendedPlatform(0)
Refreshing native plugins compatible for Editor in 0.55 ms, found 2 plugins.
Preloading 0 native plugins for Editor in 0.00 ms.
Unloading 1722 Unused Serialized files (Serialized files now loaded: 0)
System memory in use before: 93.5 MB.
System memory in use after: 93.6 MB.

Unloading 30 unused Assets to reduce memory usage. Loaded Objects now: 2229.
Total: 3.501700 ms (FindLiveObjects: 0.201400 ms CreateObjectMapping: 0.064300 ms MarkObjects: 3.209400 ms  DeleteObjects: 0.025600 ms)

AssetImportParameters requested are different than current active one (requested -> active):
  custom:framework-win-MediaFoundation: 216162199b28c13a410421893ffa2e32 -> 
  custom:video-decoder-ogg-theora: a1e56fd34408186e4bbccfd4996cb3dc -> 
  custom:container-muxer-webm: aa71ff27fc2769a1b78a27578f13a17b -> 
  custom:container-demuxer-webm: 4f35f7cbe854078d1ac9338744f61a02 -> 
  custom:container-demuxer-ogg: 62fdf1f143b41e24485cea50d1cbac27 -> 
  custom:video-encoder-webm-vp8: eb34c28f22e8b96e1ab97ce403110664 -> 
  custom:video-decoder-webm-vp8: 9c59270c3fd7afecdb556c50c9e8de78 -> 
  custom:graphics/normal-map-encoding: 01000000000000000000000000000000 -> 02000000000000000000000000000000
  custom:audio-decoder-ogg-vorbis: bf7c407c2cedff20999df2af8eb42d56 -> 
  custom:audio-encoder-webm-vorbis: bf7c407c2cedff20999df2af8eb42d56 -> 
========================================================================
Received Import Request.
  Time since last request: 17.844625 seconds.
  path: Assets/Prefabs/GamePrefabs/Tiles/GameTile1.prefab
  artifactKey: Guid(ab636fe7248fa064d93ac4f4b764120b) Importer(815301076,1909f56bfc062723c751e8b465ee728b)
Start importing Assets/Prefabs/GamePrefabs/Tiles/GameTile1.prefab using Guid(ab636fe7248fa064d93ac4f4b764120b) Importer(815301076,1909f56bfc062723c751e8b465ee728b)  -> (artifact id: '99458e07fdc68c2a908452ce9795c0df') in 0.096658 seconds 
  Import took 0.100997 seconds .

========================================================================
Received Import Request.
  Time since last request: 3.214977 seconds.
  path: Assets/Prefabs/GamePrefabs/Tiles/GameTile1.prefab
  artifactKey: Guid(ab636fe7248fa064d93ac4f4b764120b) Importer(815301076,1909f56bfc062723c751e8b465ee728b)
Start importing Assets/Prefabs/GamePrefabs/Tiles/GameTile1.prefab using Guid(ab636fe7248fa064d93ac4f4b764120b) Importer(815301076,1909f56bfc062723c751e8b465ee728b)  -> (artifact id: '4dfab1cb38c2a2a39d212f00e463c6b1') in 0.032794 seconds 
  Import took 0.037301 seconds .

========================================================================
Received Import Request.
  Time since last request: 2.165660 seconds.
  path: Assets/Prefabs/GamePrefabs/Tiles/GameTile1.prefab
  artifactKey: Guid(ab636fe7248fa064d93ac4f4b764120b) Importer(815301076,1909f56bfc062723c751e8b465ee728b)
Start importing Assets/Prefabs/GamePrefabs/Tiles/GameTile1.prefab using Guid(ab636fe7248fa064d93ac4f4b764120b) Importer(815301076,1909f56bfc062723c751e8b465ee728b)  -> (artifact id: '95ca8fbdfae91acc57eee738a5251f73') in 0.029438 seconds 
  Import took 0.034703 seconds .

========================================================================
Received Import Request.
  Time since last request: 7.078244 seconds.
  path: Assets/Prefabs/GamePrefabs/Tiles/GameTile1.prefab
  artifactKey: Guid(ab636fe7248fa064d93ac4f4b764120b) Importer(815301076,1909f56bfc062723c751e8b465ee728b)
Start importing Assets/Prefabs/GamePrefabs/Tiles/GameTile1.prefab using Guid(ab636fe7248fa064d93ac4f4b764120b) Importer(815301076,1909f56bfc062723c751e8b465ee728b)  -> (artifact id: 'b6deb0661b058392435e1d29adde5c13') in 0.031716 seconds 
  Import took 0.036230 seconds .

========================================================================
Received Import Request.
  Time since last request: 8.002510 seconds.
  path: Assets/Prefabs/GamePrefabs/Tiles/GameTile1.prefab
  artifactKey: Guid(ab636fe7248fa064d93ac4f4b764120b) Importer(815301076,1909f56bfc062723c751e8b465ee728b)
Start importing Assets/Prefabs/GamePrefabs/Tiles/GameTile1.prefab using Guid(ab636fe7248fa064d93ac4f4b764120b) Importer(815301076,1909f56bfc062723c751e8b465ee728b)  -> (artifact id: '61341c9a4cd2de47d5769b12d31f7b7c') in 0.029898 seconds 
  Import took 0.034086 seconds .

========================================================================
Received Import Request.
  Time since last request: 5.412310 seconds.
  path: Assets/Prefabs/GamePrefabs/Tiles/GameTile1.prefab
  artifactKey: Guid(ab636fe7248fa064d93ac4f4b764120b) Importer(815301076,1909f56bfc062723c751e8b465ee728b)
Start importing Assets/Prefabs/GamePrefabs/Tiles/GameTile1.prefab using Guid(ab636fe7248fa064d93ac4f4b764120b) Importer(815301076,1909f56bfc062723c751e8b465ee728b)  -> (artifact id: '36c09be1e306c34181e910602a891d6e') in 0.047324 seconds 
  Import took 0.052263 seconds .

========================================================================
Received Import Request.
  Time since last request: 2.386379 seconds.
  path: Assets/Prefabs/GamePrefabs/Tiles/GameTile1.prefab
  artifactKey: Guid(ab636fe7248fa064d93ac4f4b764120b) Importer(815301076,1909f56bfc062723c751e8b465ee728b)
Start importing Assets/Prefabs/GamePrefabs/Tiles/GameTile1.prefab using Guid(ab636fe7248fa064d93ac4f4b764120b) Importer(815301076,1909f56bfc062723c751e8b465ee728b)  -> (artifact id: '5a9f6b628f79e0ce59377d277870d4a2') in 0.028803 seconds 
  Import took 0.032900 seconds .

========================================================================
Received Import Request.
  Time since last request: 2.811618 seconds.
  path: Assets/Prefabs/GamePrefabs/Tiles/GameTile1.prefab
  artifactKey: Guid(ab636fe7248fa064d93ac4f4b764120b) Importer(815301076,1909f56bfc062723c751e8b465ee728b)
Start importing Assets/Prefabs/GamePrefabs/Tiles/GameTile1.prefab using Guid(ab636fe7248fa064d93ac4f4b764120b) Importer(815301076,1909f56bfc062723c751e8b465ee728b)  -> (artifact id: '385deb648c7f6bbe598b46b3e7ef1a90') in 0.029475 seconds 
  Import took 0.033575 seconds .

========================================================================
Received Import Request.
  Time since last request: 7.527133 seconds.
  path: Assets/Prefabs/GamePrefabs/Tiles/GameTile1.prefab
  artifactKey: Guid(ab636fe7248fa064d93ac4f4b764120b) Importer(815301076,1909f56bfc062723c751e8b465ee728b)
Start importing Assets/Prefabs/GamePrefabs/Tiles/GameTile1.prefab using Guid(ab636fe7248fa064d93ac4f4b764120b) Importer(815301076,1909f56bfc062723c751e8b465ee728b)  -> (artifact id: 'b7baf50fae2949d4014b247327ee8af9') in 0.029460 seconds 
  Import took 0.035060 seconds .

========================================================================
Received Import Request.
  Time since last request: 3.603930 seconds.
  path: Assets/Prefabs/GamePrefabs/Tiles/GameTile1.prefab
  artifactKey: Guid(ab636fe7248fa064d93ac4f4b764120b) Importer(815301076,1909f56bfc062723c751e8b465ee728b)
Start importing Assets/Prefabs/GamePrefabs/Tiles/GameTile1.prefab using Guid(ab636fe7248fa064d93ac4f4b764120b) Importer(815301076,1909f56bfc062723c751e8b465ee728b)  -> (artifact id: 'c1d2a2510976853f47b83f10bd82e2a9') in 0.030170 seconds 
  Import took 0.034519 seconds .

========================================================================
Received Import Request.
  Time since last request: 10.468844 seconds.
  path: Assets/Prefabs/GamePrefabs/Tiles/GameTile1.prefab
  artifactKey: Guid(ab636fe7248fa064d93ac4f4b764120b) Importer(815301076,1909f56bfc062723c751e8b465ee728b)
Start importing Assets/Prefabs/GamePrefabs/Tiles/GameTile1.prefab using Guid(ab636fe7248fa064d93ac4f4b764120b) Importer(815301076,1909f56bfc062723c751e8b465ee728b)  -> (artifact id: '6a4bc766841eeb3b2543fe731972efae') in 0.032891 seconds 
  Import took 0.037111 seconds .

========================================================================
Received Import Request.
  Time since last request: 1.982044 seconds.
  path: Assets/Prefabs/GamePrefabs/Tiles/GameTile1.prefab
  artifactKey: Guid(ab636fe7248fa064d93ac4f4b764120b) Importer(815301076,1909f56bfc062723c751e8b465ee728b)
Start importing Assets/Prefabs/GamePrefabs/Tiles/GameTile1.prefab using Guid(ab636fe7248fa064d93ac4f4b764120b) Importer(815301076,1909f56bfc062723c751e8b465ee728b)  -> (artifact id: '8c0cd0f548938f435cd87d2f691faa99') in 0.029850 seconds 
  Import took 0.034430 seconds .

========================================================================
Received Import Request.
  Time since last request: 8.458062 seconds.
  path: Assets/Prefabs/GamePrefabs/Tiles/GameTile1.prefab
  artifactKey: Guid(ab636fe7248fa064d93ac4f4b764120b) Importer(815301076,1909f56bfc062723c751e8b465ee728b)
Start importing Assets/Prefabs/GamePrefabs/Tiles/GameTile1.prefab using Guid(ab636fe7248fa064d93ac4f4b764120b) Importer(815301076,1909f56bfc062723c751e8b465ee728b)  -> (artifact id: '70d24c06c6a1e137979e5b903fb3371e') in 0.027798 seconds 
  Import took 0.032406 seconds .

========================================================================
Received Import Request.
  Time since last request: 3.006695 seconds.
  path: Assets/Prefabs/GamePrefabs/Tiles/GameTile1.prefab
  artifactKey: Guid(ab636fe7248fa064d93ac4f4b764120b) Importer(815301076,1909f56bfc062723c751e8b465ee728b)
Start importing Assets/Prefabs/GamePrefabs/Tiles/GameTile1.prefab using Guid(ab636fe7248fa064d93ac4f4b764120b) Importer(815301076,1909f56bfc062723c751e8b465ee728b)  -> (artifact id: 'f279bfab97445748a6e94e64ab7c8af7') in 0.034436 seconds 
  Import took 0.039323 seconds .

========================================================================
Received Import Request.
  Time since last request: 5.603203 seconds.
  path: Assets/Prefabs/GamePrefabs/Tiles/GameTile1.prefab
  artifactKey: Guid(ab636fe7248fa064d93ac4f4b764120b) Importer(815301076,1909f56bfc062723c751e8b465ee728b)
Start importing Assets/Prefabs/GamePrefabs/Tiles/GameTile1.prefab using Guid(ab636fe7248fa064d93ac4f4b764120b) Importer(815301076,1909f56bfc062723c751e8b465ee728b)  -> (artifact id: '54bbc6fcc8a30d6faf11924f9e971cb5') in 0.037559 seconds 
  Import took 0.042214 seconds .

========================================================================
Received Import Request.
  Time since last request: 4.998787 seconds.
  path: Assets/Prefabs/GamePrefabs/Tiles/GameTile1.prefab
  artifactKey: Guid(ab636fe7248fa064d93ac4f4b764120b) Importer(815301076,1909f56bfc062723c751e8b465ee728b)
Start importing Assets/Prefabs/GamePrefabs/Tiles/GameTile1.prefab using Guid(ab636fe7248fa064d93ac4f4b764120b) Importer(815301076,1909f56bfc062723c751e8b465ee728b)  -> (artifact id: '368bc41b632a11041da4c926086903ab') in 0.030962 seconds 
  Import took 0.036090 seconds .

========================================================================
Received Import Request.
  Time since last request: 4.428013 seconds.
  path: Assets/Prefabs/GamePrefabs/Tiles/GameTile1.prefab
  artifactKey: Guid(ab636fe7248fa064d93ac4f4b764120b) Importer(815301076,1909f56bfc062723c751e8b465ee728b)
Start importing Assets/Prefabs/GamePrefabs/Tiles/GameTile1.prefab using Guid(ab636fe7248fa064d93ac4f4b764120b) Importer(815301076,1909f56bfc062723c751e8b465ee728b)  -> (artifact id: '5ee8b0276b8a470c128cc30da6c30b84') in 0.030987 seconds 
  Import took 0.035533 seconds .

========================================================================
Received Import Request.
  Time since last request: 3.174820 seconds.
  path: Assets/Prefabs/GamePrefabs/Tiles/GameTile1.prefab
  artifactKey: Guid(ab636fe7248fa064d93ac4f4b764120b) Importer(815301076,1909f56bfc062723c751e8b465ee728b)
Start importing Assets/Prefabs/GamePrefabs/Tiles/GameTile1.prefab using Guid(ab636fe7248fa064d93ac4f4b764120b) Importer(815301076,1909f56bfc062723c751e8b465ee728b)  -> (artifact id: '4f08bf51986d9457453d87af007b56f9') in 0.029296 seconds 
  Import took 0.034666 seconds .

========================================================================
Received Import Request.
  Time since last request: 6.028287 seconds.
  path: Assets/Prefabs/GamePrefabs/Tiles/GameTile1.prefab
  artifactKey: Guid(ab636fe7248fa064d93ac4f4b764120b) Importer(815301076,1909f56bfc062723c751e8b465ee728b)
Start importing Assets/Prefabs/GamePrefabs/Tiles/GameTile1.prefab using Guid(ab636fe7248fa064d93ac4f4b764120b) Importer(815301076,1909f56bfc062723c751e8b465ee728b)  -> (artifact id: '743ac384196b38d946dd7f343fe4feb6') in 0.028434 seconds 
  Import took 0.032667 seconds .

========================================================================
Received Import Request.
  Time since last request: 2.784476 seconds.
  path: Assets/Prefabs/GamePrefabs/Tiles/GameTile1.prefab
  artifactKey: Guid(ab636fe7248fa064d93ac4f4b764120b) Importer(815301076,1909f56bfc062723c751e8b465ee728b)
Start importing Assets/Prefabs/GamePrefabs/Tiles/GameTile1.prefab using Guid(ab636fe7248fa064d93ac4f4b764120b) Importer(815301076,1909f56bfc062723c751e8b465ee728b)  -> (artifact id: 'ffb45320ec85da641fd124dfdea72fe7') in 0.034184 seconds 
  Import took 0.039146 seconds .

========================================================================
Received Import Request.
  Time since last request: 5.239603 seconds.
  path: Assets/Prefabs/GamePrefabs/Tiles/GameTile1.prefab
  artifactKey: Guid(ab636fe7248fa064d93ac4f4b764120b) Importer(815301076,1909f56bfc062723c751e8b465ee728b)
Start importing Assets/Prefabs/GamePrefabs/Tiles/GameTile1.prefab using Guid(ab636fe7248fa064d93ac4f4b764120b) Importer(815301076,1909f56bfc062723c751e8b465ee728b)  -> (artifact id: '241a5b100da014deaca6b6a0a7d63c4f') in 0.028875 seconds 
  Import took 0.032819 seconds .

========================================================================
Received Prepare
Refreshing native plugins compatible for Editor in 11.73 ms, found 2 plugins.
Preloading 0 native plugins for Editor in 0.00 ms.
Unloading 27 Unused Serialized files (Serialized files now loaded: 0)
System memory in use before: 60.5 MB.
System memory in use after: 60.6 MB.

Unloading 27 unused Assets to reduce memory usage. Loaded Objects now: 2230.
Total: 6.876000 ms (FindLiveObjects: 0.491900 ms CreateObjectMapping: 0.230100 ms MarkObjects: 6.115000 ms  DeleteObjects: 0.037100 ms)

AssetImportParameters requested are different than current active one (requested -> active):
  custom:framework-win-MediaFoundation: 216162199b28c13a410421893ffa2e32 -> 
  custom:video-decoder-ogg-theora: a1e56fd34408186e4bbccfd4996cb3dc -> 
  custom:container-muxer-webm: aa71ff27fc2769a1b78a27578f13a17b -> 
  custom:container-demuxer-webm: 4f35f7cbe854078d1ac9338744f61a02 -> 
  custom:container-demuxer-ogg: 62fdf1f143b41e24485cea50d1cbac27 -> 
  custom:video-encoder-webm-vp8: eb34c28f22e8b96e1ab97ce403110664 -> 
  custom:video-decoder-webm-vp8: 9c59270c3fd7afecdb556c50c9e8de78 -> 
  custom:audio-decoder-ogg-vorbis: bf7c407c2cedff20999df2af8eb42d56 -> 
  custom:audio-encoder-webm-vorbis: bf7c407c2cedff20999df2af8eb42d56 -> 
========================================================================
Received Prepare
Refreshing native plugins compatible for Editor in 20.05 ms, found 2 plugins.
Preloading 0 native plugins for Editor in 0.00 ms.
Unloading 27 Unused Serialized files (Serialized files now loaded: 0)
System memory in use before: 60.5 MB.
System memory in use after: 60.6 MB.

Unloading 27 unused Assets to reduce memory usage. Loaded Objects now: 2230.
Total: 15.910400 ms (FindLiveObjects: 0.428400 ms CreateObjectMapping: 0.469200 ms MarkObjects: 14.966500 ms  DeleteObjects: 0.044400 ms)

AssetImportParameters requested are different than current active one (requested -> active):
  custom:framework-win-MediaFoundation: 216162199b28c13a410421893ffa2e32 -> 
  custom:video-decoder-ogg-theora: a1e56fd34408186e4bbccfd4996cb3dc -> 
  custom:container-muxer-webm: aa71ff27fc2769a1b78a27578f13a17b -> 
  custom:container-demuxer-webm: 4f35f7cbe854078d1ac9338744f61a02 -> 
  custom:container-demuxer-ogg: 62fdf1f143b41e24485cea50d1cbac27 -> 
  custom:video-encoder-webm-vp8: eb34c28f22e8b96e1ab97ce403110664 -> 
  custom:video-decoder-webm-vp8: 9c59270c3fd7afecdb556c50c9e8de78 -> 
  custom:audio-decoder-ogg-vorbis: bf7c407c2cedff20999df2af8eb42d56 -> 
  custom:audio-encoder-webm-vorbis: bf7c407c2cedff20999df2af8eb42d56 -> 
AssetImportWorkerClient::OnTransportError - code=2 error=End of file
